\BOOKMARK [0][-]{chapter.1}{\376\377\0001\000\040\000P\000e\000n\000n\000O\000S}{}% 1
\BOOKMARK [1][-]{subsection.1.0.1}{\376\377\0001\000.\0000\000.\0001\000\040\000O\000v\000e\000r\000v\000i\000e\000w}{chapter.1}% 2
\BOOKMARK [2][-]{subsection.1.0.2}{\376\377\0001\000.\0000\000.\0002\000\040\000D\000o\000c\000u\000m\000e\000n\000t\000a\000t\000i\000o\000n}{subsection.1.0.1}% 3
\BOOKMARK [0][-]{chapter.2}{\376\377\0002\000\040\000f\000a\000t}{}% 4
\BOOKMARK [0][-]{chapter.3}{\376\377\0003\000\040\000k\000e\000r\000n\000e\000l}{}% 5
\BOOKMARK [0][-]{chapter.4}{\376\377\0004\000\040\000s\000c\000h\000e\000d\000u\000l\000e\000r}{}% 6
\BOOKMARK [0][-]{chapter.5}{\376\377\0005\000\040\000s\000h\000e\000l\000l}{}% 7
\BOOKMARK [0][-]{chapter.6}{\376\377\0006\000\040\000s\000y\000s\000t\000e\000m}{}% 8
\BOOKMARK [0][-]{chapter.7}{\376\377\0007\000\040\000D\000a\000t\000a\000\040\000S\000t\000r\000u\000c\000t\000u\000r\000e\000\040\000I\000n\000d\000e\000x}{}% 9
\BOOKMARK [1][-]{section.7.1}{\376\377\0007\000.\0001\000\040\000D\000a\000t\000a\000\040\000S\000t\000r\000u\000c\000t\000u\000r\000e\000s}{chapter.7}% 10
\BOOKMARK [0][-]{chapter.8}{\376\377\0008\000\040\000F\000i\000l\000e\000\040\000I\000n\000d\000e\000x}{}% 11
\BOOKMARK [1][-]{section.8.1}{\376\377\0008\000.\0001\000\040\000F\000i\000l\000e\000\040\000L\000i\000s\000t}{chapter.8}% 12
\BOOKMARK [0][-]{chapter.9}{\376\377\0009\000\040\000D\000a\000t\000a\000\040\000S\000t\000r\000u\000c\000t\000u\000r\000e\000\040\000D\000o\000c\000u\000m\000e\000n\000t\000a\000t\000i\000o\000n}{}% 13
\BOOKMARK [1][-]{section.9.1}{\376\377\0009\000.\0001\000\040\000C\000i\000r\000c\000u\000l\000a\000r\000L\000i\000s\000t\000\040\000S\000t\000r\000u\000c\000t\000\040\000R\000e\000f\000e\000r\000e\000n\000c\000e}{chapter.9}% 14
\BOOKMARK [2][-]{subsection.9.1.1}{\376\377\0009\000.\0001\000.\0001\000\040\000D\000e\000t\000a\000i\000l\000e\000d\000\040\000D\000e\000s\000c\000r\000i\000p\000t\000i\000o\000n}{section.9.1}% 15
\BOOKMARK [2][-]{subsection.9.1.2}{\376\377\0009\000.\0001\000.\0002\000\040\000F\000i\000e\000l\000d\000\040\000D\000o\000c\000u\000m\000e\000n\000t\000a\000t\000i\000o\000n}{section.9.1}% 16
\BOOKMARK [3][-]{subsubsection.9.1.2.1}{\376\377\0009\000.\0001\000.\0002\000.\0001\000\040\000h\000e\000a\000d}{subsection.9.1.2}% 17
\BOOKMARK [3][-]{subsubsection.9.1.2.2}{\376\377\0009\000.\0001\000.\0002\000.\0002\000\040\000s\000i\000z\000e}{subsection.9.1.2}% 18
\BOOKMARK [1][-]{section.9.2}{\376\377\0009\000.\0002\000\040\000d\000i\000r\000e\000c\000t\000o\000r\000y\000\137\000e\000n\000t\000r\000i\000e\000s\000\040\000S\000t\000r\000u\000c\000t\000\040\000R\000e\000f\000e\000r\000e\000n\000c\000e}{chapter.9}% 19
\BOOKMARK [2][-]{subsection.9.2.1}{\376\377\0009\000.\0002\000.\0001\000\040\000F\000i\000e\000l\000d\000\040\000D\000o\000c\000u\000m\000e\000n\000t\000a\000t\000i\000o\000n}{section.9.2}% 20
\BOOKMARK [3][-]{subsubsection.9.2.1.1}{\376\377\0009\000.\0002\000.\0001\000.\0001\000\040\000f\000i\000r\000s\000t\000B\000l\000o\000c\000k}{subsection.9.2.1}% 21
\BOOKMARK [3][-]{subsubsection.9.2.1.2}{\376\377\0009\000.\0002\000.\0001\000.\0002\000\040\000m\000t\000i\000m\000e}{subsection.9.2.1}% 22
\BOOKMARK [3][-]{subsubsection.9.2.1.3}{\376\377\0009\000.\0002\000.\0001\000.\0003\000\040\000n\000a\000m\000e}{subsection.9.2.1}% 23
\BOOKMARK [3][-]{subsubsection.9.2.1.4}{\376\377\0009\000.\0002\000.\0001\000.\0004\000\040\000p\000e\000r\000m}{subsection.9.2.1}% 24
\BOOKMARK [3][-]{subsubsection.9.2.1.5}{\376\377\0009\000.\0002\000.\0001\000.\0005\000\040\000r\000e\000s\000e\000r\000v\000e\000d}{subsection.9.2.1}% 25
\BOOKMARK [3][-]{subsubsection.9.2.1.6}{\376\377\0009\000.\0002\000.\0001\000.\0006\000\040\000s\000i\000z\000e}{subsection.9.2.1}% 26
\BOOKMARK [3][-]{subsubsection.9.2.1.7}{\376\377\0009\000.\0002\000.\0001\000.\0007\000\040\000t\000y\000p\000e}{subsection.9.2.1}% 27
\BOOKMARK [1][-]{section.9.3}{\376\377\0009\000.\0003\000\040\000D\000y\000n\000a\000m\000i\000c\000P\000I\000D\000A\000r\000r\000a\000y\000\040\000S\000t\000r\000u\000c\000t\000\040\000R\000e\000f\000e\000r\000e\000n\000c\000e}{chapter.9}% 28
\BOOKMARK [2][-]{subsection.9.3.1}{\376\377\0009\000.\0003\000.\0001\000\040\000D\000e\000t\000a\000i\000l\000e\000d\000\040\000D\000e\000s\000c\000r\000i\000p\000t\000i\000o\000n}{section.9.3}% 29
\BOOKMARK [2][-]{subsection.9.3.2}{\376\377\0009\000.\0003\000.\0002\000\040\000F\000i\000e\000l\000d\000\040\000D\000o\000c\000u\000m\000e\000n\000t\000a\000t\000i\000o\000n}{section.9.3}% 30
\BOOKMARK [3][-]{subsubsection.9.3.2.1}{\376\377\0009\000.\0003\000.\0002\000.\0001\000\040\000a\000r\000r\000a\000y}{subsection.9.3.2}% 31
\BOOKMARK [3][-]{subsubsection.9.3.2.2}{\376\377\0009\000.\0003\000.\0002\000.\0002\000\040\000s\000i\000z\000e}{subsection.9.3.2}% 32
\BOOKMARK [3][-]{subsubsection.9.3.2.3}{\376\377\0009\000.\0003\000.\0002\000.\0003\000\040\000u\000s\000e\000d}{subsection.9.3.2}% 33
\BOOKMARK [1][-]{section.9.4}{\376\377\0009\000.\0004\000\040\000F\000D\000\137\000B\000i\000t\000m\000a\000p\000\040\000S\000t\000r\000u\000c\000t\000\040\000R\000e\000f\000e\000r\000e\000n\000c\000e}{chapter.9}% 34
\BOOKMARK [2][-]{subsection.9.4.1}{\376\377\0009\000.\0004\000.\0001\000\040\000D\000e\000t\000a\000i\000l\000e\000d\000\040\000D\000e\000s\000c\000r\000i\000p\000t\000i\000o\000n}{section.9.4}% 35
\BOOKMARK [2][-]{subsection.9.4.2}{\376\377\0009\000.\0004\000.\0002\000\040\000F\000i\000e\000l\000d\000\040\000D\000o\000c\000u\000m\000e\000n\000t\000a\000t\000i\000o\000n}{section.9.4}% 36
\BOOKMARK [3][-]{subsubsection.9.4.2.1}{\376\377\0009\000.\0004\000.\0002\000.\0001\000\040\000b\000i\000t\000s}{subsection.9.4.2}% 37
\BOOKMARK [1][-]{section.9.5}{\376\377\0009\000.\0005\000\040\000f\000i\000l\000e\000\137\000d\000e\000s\000c\000r\000i\000p\000t\000o\000r\000\137\000s\000t\000\040\000S\000t\000r\000u\000c\000t\000\040\000R\000e\000f\000e\000r\000e\000n\000c\000e}{chapter.9}% 38
\BOOKMARK [2][-]{subsection.9.5.1}{\376\377\0009\000.\0005\000.\0001\000\040\000F\000i\000e\000l\000d\000\040\000D\000o\000c\000u\000m\000e\000n\000t\000a\000t\000i\000o\000n}{section.9.5}% 39
\BOOKMARK [3][-]{subsubsection.9.5.1.1}{\376\377\0009\000.\0005\000.\0001\000.\0001\000\040\000f\000d}{subsection.9.5.1}% 40
\BOOKMARK [3][-]{subsubsection.9.5.1.2}{\376\377\0009\000.\0005\000.\0001\000.\0002\000\040\000f\000n\000a\000m\000e}{subsection.9.5.1}% 41
\BOOKMARK [3][-]{subsubsection.9.5.1.3}{\376\377\0009\000.\0005\000.\0001\000.\0003\000\040\000m\000o\000d\000e}{subsection.9.5.1}% 42
\BOOKMARK [3][-]{subsubsection.9.5.1.4}{\376\377\0009\000.\0005\000.\0001\000.\0004\000\040\000o\000f\000f\000s\000e\000t}{subsection.9.5.1}% 43
\BOOKMARK [3][-]{subsubsection.9.5.1.5}{\376\377\0009\000.\0005\000.\0001\000.\0005\000\040\000r\000e\000f\000\137\000c\000n\000t}{subsection.9.5.1}% 44
\BOOKMARK [1][-]{section.9.6}{\376\377\0009\000.\0006\000\040\000N\000o\000d\000e\000\040\000S\000t\000r\000u\000c\000t\000\040\000R\000e\000f\000e\000r\000e\000n\000c\000e}{chapter.9}% 45
\BOOKMARK [2][-]{subsection.9.6.1}{\376\377\0009\000.\0006\000.\0001\000\040\000D\000e\000t\000a\000i\000l\000e\000d\000\040\000D\000e\000s\000c\000r\000i\000p\000t\000i\000o\000n}{section.9.6}% 46
\BOOKMARK [2][-]{subsection.9.6.2}{\376\377\0009\000.\0006\000.\0002\000\040\000F\000i\000e\000l\000d\000\040\000D\000o\000c\000u\000m\000e\000n\000t\000a\000t\000i\000o\000n}{section.9.6}% 47
\BOOKMARK [3][-]{subsubsection.9.6.2.1}{\376\377\0009\000.\0006\000.\0002\000.\0001\000\040\000n\000e\000x\000t}{subsection.9.6.2}% 48
\BOOKMARK [3][-]{subsubsection.9.6.2.2}{\376\377\0009\000.\0006\000.\0002\000.\0002\000\040\000p\000r\000o\000c\000e\000s\000s}{subsection.9.6.2}% 49
\BOOKMARK [1][-]{section.9.7}{\376\377\0009\000.\0007\000\040\000p\000a\000r\000s\000e\000d\000\137\000c\000o\000m\000m\000a\000n\000d\000\040\000S\000t\000r\000u\000c\000t\000\040\000R\000e\000f\000e\000r\000e\000n\000c\000e}{chapter.9}% 50
\BOOKMARK [2][-]{subsection.9.7.1}{\376\377\0009\000.\0007\000.\0001\000\040\000D\000e\000t\000a\000i\000l\000e\000d\000\040\000D\000e\000s\000c\000r\000i\000p\000t\000i\000o\000n}{section.9.7}% 51
\BOOKMARK [2][-]{subsection.9.7.2}{\376\377\0009\000.\0007\000.\0002\000\040\000F\000i\000e\000l\000d\000\040\000D\000o\000c\000u\000m\000e\000n\000t\000a\000t\000i\000o\000n}{section.9.7}% 52
\BOOKMARK [3][-]{subsubsection.9.7.2.1}{\376\377\0009\000.\0007\000.\0002\000.\0001\000\040\000c\000o\000m\000m\000a\000n\000d\000s}{subsection.9.7.2}% 53
\BOOKMARK [3][-]{subsubsection.9.7.2.2}{\376\377\0009\000.\0007\000.\0002\000.\0002\000\040\000i\000s\000\137\000b\000a\000c\000k\000g\000r\000o\000u\000n\000d}{subsection.9.7.2}% 54
\BOOKMARK [3][-]{subsubsection.9.7.2.3}{\376\377\0009\000.\0007\000.\0002\000.\0003\000\040\000i\000s\000\137\000f\000i\000l\000e\000\137\000a\000p\000p\000e\000n\000d}{subsection.9.7.2}% 55
\BOOKMARK [3][-]{subsubsection.9.7.2.4}{\376\377\0009\000.\0007\000.\0002\000.\0004\000\040\000n\000u\000m\000\137\000c\000o\000m\000m\000a\000n\000d\000s}{subsection.9.7.2}% 56
\BOOKMARK [3][-]{subsubsection.9.7.2.5}{\376\377\0009\000.\0007\000.\0002\000.\0005\000\040\000s\000t\000d\000i\000n\000\137\000f\000i\000l\000e}{subsection.9.7.2}% 57
\BOOKMARK [3][-]{subsubsection.9.7.2.6}{\376\377\0009\000.\0007\000.\0002\000.\0006\000\040\000s\000t\000d\000o\000u\000t\000\137\000f\000i\000l\000e}{subsection.9.7.2}% 58
\BOOKMARK [1][-]{section.9.8}{\376\377\0009\000.\0008\000\040\000p\000c\000b\000\137\000t\000\040\000S\000t\000r\000u\000c\000t\000\040\000R\000e\000f\000e\000r\000e\000n\000c\000e}{chapter.9}% 59
\BOOKMARK [2][-]{subsection.9.8.1}{\376\377\0009\000.\0008\000.\0001\000\040\000D\000e\000t\000a\000i\000l\000e\000d\000\040\000D\000e\000s\000c\000r\000i\000p\000t\000i\000o\000n}{section.9.8}% 60
\BOOKMARK [2][-]{subsection.9.8.2}{\376\377\0009\000.\0008\000.\0002\000\040\000F\000i\000e\000l\000d\000\040\000D\000o\000c\000u\000m\000e\000n\000t\000a\000t\000i\000o\000n}{section.9.8}% 61
\BOOKMARK [3][-]{subsubsection.9.8.2.1}{\376\377\0009\000.\0008\000.\0002\000.\0001\000\040\000c\000h\000i\000l\000d\000\137\000p\000i\000d\000s}{subsection.9.8.2}% 62
\BOOKMARK [3][-]{subsubsection.9.8.2.2}{\376\377\0009\000.\0008\000.\0002\000.\0002\000\040\000e\000x\000i\000t\000\137\000s\000t\000a\000t\000u\000s}{subsection.9.8.2}% 63
\BOOKMARK [3][-]{subsubsection.9.8.2.3}{\376\377\0009\000.\0008\000.\0002\000.\0003\000\040\000h\000a\000n\000d\000l\000e}{subsection.9.8.2}% 64
\BOOKMARK [3][-]{subsubsection.9.8.2.4}{\376\377\0009\000.\0008\000.\0002\000.\0004\000\040\000o\000p\000e\000n\000\137\000f\000d\000s}{subsection.9.8.2}% 65
\BOOKMARK [3][-]{subsubsection.9.8.2.5}{\376\377\0009\000.\0008\000.\0002\000.\0005\000\040\000p\000i\000d}{subsection.9.8.2}% 66
\BOOKMARK [3][-]{subsubsection.9.8.2.6}{\376\377\0009\000.\0008\000.\0002\000.\0006\000\040\000p\000p\000i\000d}{subsection.9.8.2}% 67
\BOOKMARK [3][-]{subsubsection.9.8.2.7}{\376\377\0009\000.\0008\000.\0002\000.\0007\000\040\000p\000r\000i\000o\000r\000i\000t\000y}{subsection.9.8.2}% 68
\BOOKMARK [3][-]{subsubsection.9.8.2.8}{\376\377\0009\000.\0008\000.\0002\000.\0008\000\040\000p\000r\000o\000c\000e\000s\000s\000n\000a\000m\000e}{subsection.9.8.2}% 69
\BOOKMARK [3][-]{subsubsection.9.8.2.9}{\376\377\0009\000.\0008\000.\0002\000.\0009\000\040\000s\000t\000a\000t\000e}{subsection.9.8.2}% 70
\BOOKMARK [3][-]{subsubsection.9.8.2.10}{\376\377\0009\000.\0008\000.\0002\000.\0001\0000\000\040\000s\000t\000a\000t\000e\000c\000h\000a\000n\000g\000e\000d}{subsection.9.8.2}% 71
\BOOKMARK [3][-]{subsubsection.9.8.2.11}{\376\377\0009\000.\0008\000.\0002\000.\0001\0001\000\040\000t\000e\000r\000m\000\137\000s\000i\000g\000n\000a\000l}{subsection.9.8.2}% 72
\BOOKMARK [3][-]{subsubsection.9.8.2.12}{\376\377\0009\000.\0008\000.\0002\000.\0001\0002\000\040\000t\000i\000c\000k\000s\000\137\000t\000o\000\137\000w\000a\000i\000t}{subsection.9.8.2}% 73
\BOOKMARK [3][-]{subsubsection.9.8.2.13}{\376\377\0009\000.\0008\000.\0002\000.\0001\0003\000\040\000w\000a\000i\000t\000i\000n\000g\000\137\000f\000o\000r\000\137\000c\000h\000a\000n\000g\000e}{subsection.9.8.2}% 74
\BOOKMARK [3][-]{subsubsection.9.8.2.14}{\376\377\0009\000.\0008\000.\0002\000.\0001\0004\000\040\000w\000a\000i\000t\000i\000n\000g\000\137\000o\000n\000\137\000p\000i\000d}{subsection.9.8.2}% 75
\BOOKMARK [1][-]{section.9.9}{\376\377\0009\000.\0009\000\040\000P\000L\000i\000s\000t\000\040\000S\000t\000r\000u\000c\000t\000\040\000R\000e\000f\000e\000r\000e\000n\000c\000e}{chapter.9}% 76
\BOOKMARK [2][-]{subsection.9.9.1}{\376\377\0009\000.\0009\000.\0001\000\040\000F\000i\000e\000l\000d\000\040\000D\000o\000c\000u\000m\000e\000n\000t\000a\000t\000i\000o\000n}{section.9.9}% 77
\BOOKMARK [3][-]{subsubsection.9.9.1.1}{\376\377\0009\000.\0009\000.\0001\000.\0001\000\040\000h\000e\000a\000d}{subsection.9.9.1}% 78
\BOOKMARK [3][-]{subsubsection.9.9.1.2}{\376\377\0009\000.\0009\000.\0001\000.\0002\000\040\000s\000i\000z\000e}{subsection.9.9.1}% 79
\BOOKMARK [1][-]{section.9.10}{\376\377\0009\000.\0001\0000\000\040\000P\000N\000o\000d\000e\000\040\000S\000t\000r\000u\000c\000t\000\040\000R\000e\000f\000e\000r\000e\000n\000c\000e}{chapter.9}% 80
\BOOKMARK [2][-]{subsection.9.10.1}{\376\377\0009\000.\0001\0000\000.\0001\000\040\000F\000i\000e\000l\000d\000\040\000D\000o\000c\000u\000m\000e\000n\000t\000a\000t\000i\000o\000n}{section.9.10}% 81
\BOOKMARK [3][-]{subsubsection.9.10.1.1}{\376\377\0009\000.\0001\0000\000.\0001\000.\0001\000\040\000n\000e\000x\000t}{subsection.9.10.1}% 82
\BOOKMARK [3][-]{subsubsection.9.10.1.2}{\376\377\0009\000.\0001\0000\000.\0001\000.\0002\000\040\000p\000r\000i\000o\000r\000i\000t\000y}{subsection.9.10.1}% 83
\BOOKMARK [1][-]{section.9.11}{\376\377\0009\000.\0001\0001\000\040\000s\000p\000t\000h\000r\000e\000a\000d\000\137\000f\000w\000d\000\137\000a\000r\000g\000s\000\137\000s\000t\000\040\000S\000t\000r\000u\000c\000t\000\040\000R\000e\000f\000e\000r\000e\000n\000c\000e}{chapter.9}% 84
\BOOKMARK [2][-]{subsection.9.11.1}{\376\377\0009\000.\0001\0001\000.\0001\000\040\000F\000i\000e\000l\000d\000\040\000D\000o\000c\000u\000m\000e\000n\000t\000a\000t\000i\000o\000n}{section.9.11}% 85
\BOOKMARK [3][-]{subsubsection.9.11.1.1}{\376\377\0009\000.\0001\0001\000.\0001\000.\0001\000\040\000a\000c\000t\000u\000a\000l\000\137\000a\000r\000g}{subsection.9.11.1}% 86
\BOOKMARK [3][-]{subsubsection.9.11.1.2}{\376\377\0009\000.\0001\0001\000.\0001\000.\0002\000\040\000a\000c\000t\000u\000a\000l\000\137\000r\000o\000u\000t\000i\000n\000e}{subsection.9.11.1}% 87
\BOOKMARK [3][-]{subsubsection.9.11.1.3}{\376\377\0009\000.\0001\0001\000.\0001\000.\0003\000\040\000c\000h\000i\000l\000d\000\137\000m\000e\000t\000a}{subsection.9.11.1}% 88
\BOOKMARK [3][-]{subsubsection.9.11.1.4}{\376\377\0009\000.\0001\0001\000.\0001\000.\0004\000\040\000s\000e\000t\000u\000p\000\137\000c\000o\000n\000d}{subsection.9.11.1}% 89
\BOOKMARK [3][-]{subsubsection.9.11.1.5}{\376\377\0009\000.\0001\0001\000.\0001\000.\0005\000\040\000s\000e\000t\000u\000p\000\137\000d\000o\000n\000e}{subsection.9.11.1}% 90
\BOOKMARK [3][-]{subsubsection.9.11.1.6}{\376\377\0009\000.\0001\0001\000.\0001\000.\0006\000\040\000s\000e\000t\000u\000p\000\137\000m\000u\000t\000e\000x}{subsection.9.11.1}% 91
\BOOKMARK [1][-]{section.9.12}{\376\377\0009\000.\0001\0002\000\040\000s\000p\000t\000h\000r\000e\000a\000d\000\137\000m\000e\000t\000a\000\137\000s\000t\000\040\000S\000t\000r\000u\000c\000t\000\040\000R\000e\000f\000e\000r\000e\000n\000c\000e}{chapter.9}% 92
\BOOKMARK [2][-]{subsection.9.12.1}{\376\377\0009\000.\0001\0002\000.\0001\000\040\000F\000i\000e\000l\000d\000\040\000D\000o\000c\000u\000m\000e\000n\000t\000a\000t\000i\000o\000n}{section.9.12}% 93
\BOOKMARK [3][-]{subsubsection.9.12.1.1}{\376\377\0009\000.\0001\0002\000.\0001\000.\0001\000\040\000m\000e\000t\000a\000\137\000m\000u\000t\000e\000x}{subsection.9.12.1}% 94
\BOOKMARK [3][-]{subsubsection.9.12.1.2}{\376\377\0009\000.\0001\0002\000.\0001\000.\0002\000\040\000s\000t\000a\000t\000e}{subsection.9.12.1}% 95
\BOOKMARK [3][-]{subsubsection.9.12.1.3}{\376\377\0009\000.\0001\0002\000.\0001\000.\0003\000\040\000s\000u\000s\000p\000e\000n\000d\000\137\000s\000e\000t}{subsection.9.12.1}% 96
\BOOKMARK [1][-]{section.9.13}{\376\377\0009\000.\0001\0003\000\040\000s\000p\000t\000h\000r\000e\000a\000d\000\137\000s\000i\000g\000n\000a\000l\000\137\000a\000r\000g\000s\000\137\000s\000t\000\040\000S\000t\000r\000u\000c\000t\000\040\000R\000e\000f\000e\000r\000e\000n\000c\000e}{chapter.9}% 97
\BOOKMARK [2][-]{subsection.9.13.1}{\376\377\0009\000.\0001\0003\000.\0001\000\040\000F\000i\000e\000l\000d\000\040\000D\000o\000c\000u\000m\000e\000n\000t\000a\000t\000i\000o\000n}{section.9.13}% 98
\BOOKMARK [3][-]{subsubsection.9.13.1.1}{\376\377\0009\000.\0001\0003\000.\0001\000.\0001\000\040\000a\000c\000k}{subsection.9.13.1}% 99
\BOOKMARK [3][-]{subsubsection.9.13.1.2}{\376\377\0009\000.\0001\0003\000.\0001\000.\0002\000\040\000s\000h\000u\000t\000u\000p\000\137\000m\000u\000t\000e\000x}{subsection.9.13.1}% 100
\BOOKMARK [3][-]{subsubsection.9.13.1.3}{\376\377\0009\000.\0001\0003\000.\0001\000.\0003\000\040\000s\000i\000g\000n\000a\000l}{subsection.9.13.1}% 101
\BOOKMARK [1][-]{section.9.14}{\376\377\0009\000.\0001\0004\000\040\000s\000p\000t\000h\000r\000e\000a\000d\000\137\000s\000t\000\040\000S\000t\000r\000u\000c\000t\000\040\000R\000e\000f\000e\000r\000e\000n\000c\000e}{chapter.9}% 102
\BOOKMARK [2][-]{subsection.9.14.1}{\376\377\0009\000.\0001\0004\000.\0001\000\040\000F\000i\000e\000l\000d\000\040\000D\000o\000c\000u\000m\000e\000n\000t\000a\000t\000i\000o\000n}{section.9.14}% 103
\BOOKMARK [3][-]{subsubsection.9.14.1.1}{\376\377\0009\000.\0001\0004\000.\0001\000.\0001\000\040\000m\000e\000t\000a}{subsection.9.14.1}% 104
\BOOKMARK [3][-]{subsubsection.9.14.1.2}{\376\377\0009\000.\0001\0004\000.\0001\000.\0002\000\040\000t\000h\000r\000e\000a\000d}{subsection.9.14.1}% 105
\BOOKMARK [0][-]{chapter.10}{\376\377\0001\0000\000\040\000F\000i\000l\000e\000\040\000D\000o\000c\000u\000m\000e\000n\000t\000a\000t\000i\000o\000n}{}% 106
\BOOKMARK [1][-]{section.10.1}{\376\377\0001\0000\000.\0001\000\040\000d\000o\000c\000/\000f\000a\000t\000.\000m\000d\000\040\000F\000i\000l\000e\000\040\000R\000e\000f\000e\000r\000e\000n\000c\000e}{chapter.10}% 107
\BOOKMARK [1][-]{section.10.2}{\376\377\0001\0000\000.\0002\000\040\000d\000o\000c\000/\000k\000e\000r\000n\000e\000l\000.\000m\000d\000\040\000F\000i\000l\000e\000\040\000R\000e\000f\000e\000r\000e\000n\000c\000e}{chapter.10}% 108
\BOOKMARK [1][-]{section.10.3}{\376\377\0001\0000\000.\0003\000\040\000d\000o\000c\000/\000R\000E\000A\000D\000M\000E\000.\000m\000d\000\040\000F\000i\000l\000e\000\040\000R\000e\000f\000e\000r\000e\000n\000c\000e}{chapter.10}% 109
\BOOKMARK [1][-]{section.10.4}{\376\377\0001\0000\000.\0004\000\040\000d\000o\000c\000/\000s\000c\000h\000e\000d\000u\000l\000e\000r\000.\000m\000d\000\040\000F\000i\000l\000e\000\040\000R\000e\000f\000e\000r\000e\000n\000c\000e}{chapter.10}% 110
\BOOKMARK [1][-]{section.10.5}{\376\377\0001\0000\000.\0005\000\040\000d\000o\000c\000/\000s\000h\000e\000l\000l\000.\000m\000d\000\040\000F\000i\000l\000e\000\040\000R\000e\000f\000e\000r\000e\000n\000c\000e}{chapter.10}% 111
\BOOKMARK [1][-]{section.10.6}{\376\377\0001\0000\000.\0006\000\040\000d\000o\000c\000/\000s\000y\000s\000t\000e\000m\000.\000m\000d\000\040\000F\000i\000l\000e\000\040\000R\000e\000f\000e\000r\000e\000n\000c\000e}{chapter.10}% 112
\BOOKMARK [1][-]{section.10.7}{\376\377\0001\0000\000.\0007\000\040\000s\000r\000c\000/\000p\000a\000r\000s\000e\000r\000.\000h\000\040\000F\000i\000l\000e\000\040\000R\000e\000f\000e\000r\000e\000n\000c\000e}{chapter.10}% 113
\BOOKMARK [2][-]{subsection.10.7.1}{\376\377\0001\0000\000.\0007\000.\0001\000\040\000M\000a\000c\000r\000o\000\040\000D\000e\000f\000i\000n\000i\000t\000i\000o\000n\000\040\000D\000o\000c\000u\000m\000e\000n\000t\000a\000t\000i\000o\000n}{section.10.7}% 114
\BOOKMARK [3][-]{subsubsection.10.7.1.1}{\376\377\0001\0000\000.\0007\000.\0001\000.\0001\000\040\000E\000X\000P\000E\000C\000T\000\137\000C\000O\000M\000M\000A\000N\000D\000S}{subsection.10.7.1}% 115
\BOOKMARK [3][-]{subsubsection.10.7.1.2}{\376\377\0001\0000\000.\0007\000.\0001\000.\0002\000\040\000E\000X\000P\000E\000C\000T\000\137\000I\000N\000P\000U\000T\000\137\000F\000I\000L\000E\000N\000A\000M\000E}{subsection.10.7.1}% 116
\BOOKMARK [3][-]{subsubsection.10.7.1.3}{\376\377\0001\0000\000.\0007\000.\0001\000.\0003\000\040\000E\000X\000P\000E\000C\000T\000\137\000O\000U\000T\000P\000U\000T\000\137\000F\000I\000L\000E\000N\000A\000M\000E}{subsection.10.7.1}% 117
\BOOKMARK [3][-]{subsubsection.10.7.1.4}{\376\377\0001\0000\000.\0007\000.\0001\000.\0004\000\040\000U\000N\000E\000X\000P\000E\000C\000T\000E\000D\000\137\000A\000M\000P\000E\000R\000S\000A\000N\000D}{subsection.10.7.1}% 118
\BOOKMARK [3][-]{subsubsection.10.7.1.5}{\376\377\0001\0000\000.\0007\000.\0001\000.\0005\000\040\000U\000N\000E\000X\000P\000E\000C\000T\000E\000D\000\137\000F\000I\000L\000E\000\137\000I\000N\000P\000U\000T}{subsection.10.7.1}% 119
\BOOKMARK [3][-]{subsubsection.10.7.1.6}{\376\377\0001\0000\000.\0007\000.\0001\000.\0006\000\040\000U\000N\000E\000X\000P\000E\000C\000T\000E\000D\000\137\000F\000I\000L\000E\000\137\000O\000U\000T\000P\000U\000T}{subsection.10.7.1}% 120
\BOOKMARK [3][-]{subsubsection.10.7.1.7}{\376\377\0001\0000\000.\0007\000.\0001\000.\0007\000\040\000U\000N\000E\000X\000P\000E\000C\000T\000E\000D\000\137\000P\000I\000P\000E\000L\000I\000N\000E}{subsection.10.7.1}% 121
\BOOKMARK [2][-]{subsection.10.7.2}{\376\377\0001\0000\000.\0007\000.\0002\000\040\000F\000u\000n\000c\000t\000i\000o\000n\000\040\000D\000o\000c\000u\000m\000e\000n\000t\000a\000t\000i\000o\000n}{section.10.7}% 122
\BOOKMARK [3][-]{subsubsection.10.7.2.1}{\376\377\0001\0000\000.\0007\000.\0002\000.\0001\000\040\000p\000a\000r\000s\000e\000\137\000c\000o\000m\000m\000a\000n\000d\000\050\000\051}{subsection.10.7.2}% 123
\BOOKMARK [3][-]{subsubsection.10.7.2.2}{\376\377\0001\0000\000.\0007\000.\0002\000.\0002\000\040\000p\000r\000i\000n\000t\000\137\000p\000a\000r\000s\000e\000d\000\137\000c\000o\000m\000m\000a\000n\000d\000\050\000\051}{subsection.10.7.2}% 124
\BOOKMARK [3][-]{subsubsection.10.7.2.3}{\376\377\0001\0000\000.\0007\000.\0002\000.\0003\000\040\000p\000r\000i\000n\000t\000\137\000p\000a\000r\000s\000e\000r\000\137\000e\000r\000r\000c\000o\000d\000e\000\050\000\051}{subsection.10.7.2}% 125
\BOOKMARK [1][-]{section.10.8}{\376\377\0001\0000\000.\0008\000\040\000p\000a\000r\000s\000e\000r\000.\000h}{chapter.10}% 126
\BOOKMARK [1][-]{section.10.9}{\376\377\0001\0000\000.\0009\000\040\000s\000r\000c\000/\000p\000e\000n\000n\000f\000a\000t\000.\000c\000\040\000F\000i\000l\000e\000\040\000R\000e\000f\000e\000r\000e\000n\000c\000e}{chapter.10}% 127
\BOOKMARK [2][-]{subsection.10.9.1}{\376\377\0001\0000\000.\0009\000.\0001\000\040\000F\000u\000n\000c\000t\000i\000o\000n\000\040\000D\000o\000c\000u\000m\000e\000n\000t\000a\000t\000i\000o\000n}{section.10.9}% 128
\BOOKMARK [3][-]{subsubsection.10.9.1.1}{\376\377\0001\0000\000.\0009\000.\0001\000.\0001\000\040\000c\000a\000t\000\137\000a\000\050\000\051}{subsection.10.9.1}% 129
\BOOKMARK [3][-]{subsubsection.10.9.1.2}{\376\377\0001\0000\000.\0009\000.\0001\000.\0002\000\040\000c\000a\000t\000\137\000f\000i\000l\000e\000\137\000w\000a\000\050\000\051}{subsection.10.9.1}% 130
\BOOKMARK [3][-]{subsubsection.10.9.1.3}{\376\377\0001\0000\000.\0009\000.\0001\000.\0003\000\040\000c\000a\000t\000\137\000w\000\050\000\051}{subsection.10.9.1}% 131
\BOOKMARK [3][-]{subsubsection.10.9.1.4}{\376\377\0001\0000\000.\0009\000.\0001\000.\0004\000\040\000c\000h\000m\000o\000d\000\050\000\051}{subsection.10.9.1}% 132
\BOOKMARK [3][-]{subsubsection.10.9.1.5}{\376\377\0001\0000\000.\0009\000.\0001\000.\0005\000\040\000c\000p\000\137\000f\000r\000o\000m\000\137\000h\000o\000s\000t\000\050\000\051}{subsection.10.9.1}% 133
\BOOKMARK [3][-]{subsubsection.10.9.1.6}{\376\377\0001\0000\000.\0009\000.\0001\000.\0006\000\040\000c\000p\000\137\000t\000o\000\137\000h\000o\000s\000t\000\050\000\051}{subsection.10.9.1}% 134
\BOOKMARK [3][-]{subsubsection.10.9.1.7}{\376\377\0001\0000\000.\0009\000.\0001\000.\0007\000\040\000c\000p\000\137\000w\000i\000t\000h\000i\000n\000\137\000f\000a\000t\000\050\000\051}{subsection.10.9.1}% 135
\BOOKMARK [3][-]{subsubsection.10.9.1.8}{\376\377\0001\0000\000.\0009\000.\0001\000.\0008\000\040\000g\000e\000t\000\137\000b\000l\000o\000c\000k\000\137\000s\000i\000z\000e\000\050\000\051}{subsection.10.9.1}% 136
\BOOKMARK [3][-]{subsubsection.10.9.1.9}{\376\377\0001\0000\000.\0009\000.\0001\000.\0009\000\040\000g\000e\000t\000\137\000d\000a\000t\000a\000\137\000s\000i\000z\000e\000\050\000\051}{subsection.10.9.1}% 137
\BOOKMARK [3][-]{subsubsection.10.9.1.10}{\376\377\0001\0000\000.\0009\000.\0001\000.\0001\0000\000\040\000g\000e\000t\000\137\000f\000a\000t\000\137\000s\000i\000z\000e\000\050\000\051}{subsection.10.9.1}% 138
\BOOKMARK [3][-]{subsubsection.10.9.1.11}{\376\377\0001\0000\000.\0009\000.\0001\000.\0001\0001\000\040\000g\000e\000t\000\137\000n\000u\000m\000\137\000f\000a\000t\000\137\000e\000n\000t\000r\000i\000e\000s\000\050\000\051}{subsection.10.9.1}% 139
\BOOKMARK [3][-]{subsubsection.10.9.1.12}{\376\377\0001\0000\000.\0009\000.\0001\000.\0001\0002\000\040\000g\000e\000t\000\137\000o\000f\000f\000s\000e\000t\000\137\000s\000i\000z\000e\000\050\000\051}{subsection.10.9.1}% 140
\BOOKMARK [3][-]{subsubsection.10.9.1.13}{\376\377\0001\0000\000.\0009\000.\0001\000.\0001\0003\000\040\000i\000n\000i\000t\000i\000a\000l\000i\000z\000e\000\137\000g\000l\000o\000b\000a\000l\000\137\000f\000d\000\137\000t\000a\000b\000l\000e\000\050\000\051}{subsection.10.9.1}% 141
\BOOKMARK [3][-]{subsubsection.10.9.1.14}{\376\377\0001\0000\000.\0009\000.\0001\000.\0001\0004\000\040\000i\000n\000t\000\137\000h\000a\000n\000d\000l\000e\000r\000\050\000\051}{subsection.10.9.1}% 142
\BOOKMARK [3][-]{subsubsection.10.9.1.15}{\376\377\0001\0000\000.\0009\000.\0001\000.\0001\0005\000\040\000l\000s\000\050\000\051}{subsection.10.9.1}% 143
\BOOKMARK [3][-]{subsubsection.10.9.1.16}{\376\377\0001\0000\000.\0009\000.\0001\000.\0001\0006\000\040\000m\000k\000f\000s\000\050\000\051}{subsection.10.9.1}% 144
\BOOKMARK [3][-]{subsubsection.10.9.1.17}{\376\377\0001\0000\000.\0009\000.\0001\000.\0001\0007\000\040\000m\000o\000u\000n\000t\000\050\000\051}{subsection.10.9.1}% 145
\BOOKMARK [3][-]{subsubsection.10.9.1.18}{\376\377\0001\0000\000.\0009\000.\0001\000.\0001\0008\000\040\000m\000v\000\050\000\051}{subsection.10.9.1}% 146
\BOOKMARK [3][-]{subsubsection.10.9.1.19}{\376\377\0001\0000\000.\0009\000.\0001\000.\0001\0009\000\040\000p\000r\000o\000m\000p\000t\000\050\000\051}{subsection.10.9.1}% 147
\BOOKMARK [3][-]{subsubsection.10.9.1.20}{\376\377\0001\0000\000.\0009\000.\0001\000.\0002\0000\000\040\000r\000e\000a\000d\000\137\000c\000o\000m\000m\000a\000n\000d\000\050\000\051}{subsection.10.9.1}% 148
\BOOKMARK [3][-]{subsubsection.10.9.1.21}{\376\377\0001\0000\000.\0009\000.\0001\000.\0002\0001\000\040\000r\000m\000\050\000\051}{subsection.10.9.1}% 149
\BOOKMARK [3][-]{subsubsection.10.9.1.22}{\376\377\0001\0000\000.\0009\000.\0001\000.\0002\0002\000\040\000t\000o\000u\000c\000h\000\050\000\051}{subsection.10.9.1}% 150
\BOOKMARK [3][-]{subsubsection.10.9.1.23}{\376\377\0001\0000\000.\0009\000.\0001\000.\0002\0003\000\040\000u\000n\000m\000o\000u\000n\000t\000\050\000\051}{subsection.10.9.1}% 151
\BOOKMARK [1][-]{section.10.10}{\376\377\0001\0000\000.\0001\0000\000\040\000s\000r\000c\000/\000p\000e\000n\000n\000f\000a\000t\000.\000h\000\040\000F\000i\000l\000e\000\040\000R\000e\000f\000e\000r\000e\000n\000c\000e}{chapter.10}% 152
\BOOKMARK [2][-]{subsection.10.10.1}{\376\377\0001\0000\000.\0001\0000\000.\0001\000\040\000M\000a\000c\000r\000o\000\040\000D\000e\000f\000i\000n\000i\000t\000i\000o\000n\000\040\000D\000o\000c\000u\000m\000e\000n\000t\000a\000t\000i\000o\000n}{section.10.10}% 153
\BOOKMARK [3][-]{subsubsection.10.10.1.1}{\376\377\0001\0000\000.\0001\0000\000.\0001\000.\0001\000\040\000M\000A\000X\000\137\000L\000E\000N}{subsection.10.10.1}% 154
\BOOKMARK [2][-]{subsection.10.10.2}{\376\377\0001\0000\000.\0001\0000\000.\0002\000\040\000F\000u\000n\000c\000t\000i\000o\000n\000\040\000D\000o\000c\000u\000m\000e\000n\000t\000a\000t\000i\000o\000n}{section.10.10}% 155
\BOOKMARK [3][-]{subsubsection.10.10.2.1}{\376\377\0001\0000\000.\0001\0000\000.\0002\000.\0001\000\040\000c\000a\000t\000\137\000a\000\050\000\051}{subsection.10.10.2}% 156
\BOOKMARK [3][-]{subsubsection.10.10.2.2}{\376\377\0001\0000\000.\0001\0000\000.\0002\000.\0002\000\040\000c\000a\000t\000\137\000f\000i\000l\000e\000\137\000w\000a\000\050\000\051}{subsection.10.10.2}% 157
\BOOKMARK [3][-]{subsubsection.10.10.2.3}{\376\377\0001\0000\000.\0001\0000\000.\0002\000.\0003\000\040\000c\000a\000t\000\137\000w\000\050\000\051}{subsection.10.10.2}% 158
\BOOKMARK [3][-]{subsubsection.10.10.2.4}{\376\377\0001\0000\000.\0001\0000\000.\0002\000.\0004\000\040\000c\000h\000m\000o\000d\000\050\000\051}{subsection.10.10.2}% 159
\BOOKMARK [3][-]{subsubsection.10.10.2.5}{\376\377\0001\0000\000.\0001\0000\000.\0002\000.\0005\000\040\000c\000p\000\137\000f\000r\000o\000m\000\137\000h\000o\000s\000t\000\050\000\051}{subsection.10.10.2}% 160
\BOOKMARK [3][-]{subsubsection.10.10.2.6}{\376\377\0001\0000\000.\0001\0000\000.\0002\000.\0006\000\040\000c\000p\000\137\000t\000o\000\137\000h\000o\000s\000t\000\050\000\051}{subsection.10.10.2}% 161
\BOOKMARK [3][-]{subsubsection.10.10.2.7}{\376\377\0001\0000\000.\0001\0000\000.\0002\000.\0007\000\040\000c\000p\000\137\000w\000i\000t\000h\000i\000n\000\137\000f\000a\000t\000\050\000\051}{subsection.10.10.2}% 162
\BOOKMARK [3][-]{subsubsection.10.10.2.8}{\376\377\0001\0000\000.\0001\0000\000.\0002\000.\0008\000\040\000g\000e\000t\000\137\000b\000l\000o\000c\000k\000\137\000s\000i\000z\000e\000\050\000\051}{subsection.10.10.2}% 163
\BOOKMARK [3][-]{subsubsection.10.10.2.9}{\376\377\0001\0000\000.\0001\0000\000.\0002\000.\0009\000\040\000g\000e\000t\000\137\000d\000a\000t\000a\000\137\000s\000i\000z\000e\000\050\000\051}{subsection.10.10.2}% 164
\BOOKMARK [3][-]{subsubsection.10.10.2.10}{\376\377\0001\0000\000.\0001\0000\000.\0002\000.\0001\0000\000\040\000g\000e\000t\000\137\000f\000a\000t\000\137\000s\000i\000z\000e\000\050\000\051}{subsection.10.10.2}% 165
\BOOKMARK [3][-]{subsubsection.10.10.2.11}{\376\377\0001\0000\000.\0001\0000\000.\0002\000.\0001\0001\000\040\000g\000e\000t\000\137\000n\000u\000m\000\137\000f\000a\000t\000\137\000e\000n\000t\000r\000i\000e\000s\000\050\000\051}{subsection.10.10.2}% 166
\BOOKMARK [3][-]{subsubsection.10.10.2.12}{\376\377\0001\0000\000.\0001\0000\000.\0002\000.\0001\0002\000\040\000g\000e\000t\000\137\000o\000f\000f\000s\000e\000t\000\137\000s\000i\000z\000e\000\050\000\051}{subsection.10.10.2}% 167
\BOOKMARK [3][-]{subsubsection.10.10.2.13}{\376\377\0001\0000\000.\0001\0000\000.\0002\000.\0001\0003\000\040\000i\000n\000i\000t\000i\000a\000l\000i\000z\000e\000\137\000g\000l\000o\000b\000a\000l\000\137\000f\000d\000\137\000t\000a\000b\000l\000e\000\050\000\051}{subsection.10.10.2}% 168
\BOOKMARK [3][-]{subsubsection.10.10.2.14}{\376\377\0001\0000\000.\0001\0000\000.\0002\000.\0001\0004\000\040\000i\000n\000t\000\137\000h\000a\000n\000d\000l\000e\000r\000\050\000\051}{subsection.10.10.2}% 169
\BOOKMARK [3][-]{subsubsection.10.10.2.15}{\376\377\0001\0000\000.\0001\0000\000.\0002\000.\0001\0005\000\040\000l\000s\000\050\000\051}{subsection.10.10.2}% 170
\BOOKMARK [3][-]{subsubsection.10.10.2.16}{\376\377\0001\0000\000.\0001\0000\000.\0002\000.\0001\0006\000\040\000m\000k\000f\000s\000\050\000\051}{subsection.10.10.2}% 171
\BOOKMARK [3][-]{subsubsection.10.10.2.17}{\376\377\0001\0000\000.\0001\0000\000.\0002\000.\0001\0007\000\040\000m\000o\000u\000n\000t\000\050\000\051}{subsection.10.10.2}% 172
\BOOKMARK [3][-]{subsubsection.10.10.2.18}{\376\377\0001\0000\000.\0001\0000\000.\0002\000.\0001\0008\000\040\000m\000v\000\050\000\051}{subsection.10.10.2}% 173
\BOOKMARK [3][-]{subsubsection.10.10.2.19}{\376\377\0001\0000\000.\0001\0000\000.\0002\000.\0001\0009\000\040\000p\000r\000o\000m\000p\000t\000\050\000\051}{subsection.10.10.2}% 174
\BOOKMARK [3][-]{subsubsection.10.10.2.20}{\376\377\0001\0000\000.\0001\0000\000.\0002\000.\0002\0000\000\040\000r\000e\000a\000d\000\137\000c\000o\000m\000m\000a\000n\000d\000\050\000\051}{subsection.10.10.2}% 175
\BOOKMARK [3][-]{subsubsection.10.10.2.21}{\376\377\0001\0000\000.\0001\0000\000.\0002\000.\0002\0001\000\040\000r\000m\000\050\000\051}{subsection.10.10.2}% 176
\BOOKMARK [3][-]{subsubsection.10.10.2.22}{\376\377\0001\0000\000.\0001\0000\000.\0002\000.\0002\0002\000\040\000t\000o\000u\000c\000h\000\050\000\051}{subsection.10.10.2}% 177
\BOOKMARK [3][-]{subsubsection.10.10.2.23}{\376\377\0001\0000\000.\0001\0000\000.\0002\000.\0002\0003\000\040\000u\000n\000m\000o\000u\000n\000t\000\050\000\051}{subsection.10.10.2}% 178
\BOOKMARK [1][-]{section.10.11}{\376\377\0001\0000\000.\0001\0001\000\040\000p\000e\000n\000n\000f\000a\000t\000.\000h}{chapter.10}% 179
\BOOKMARK [1][-]{section.10.12}{\376\377\0001\0000\000.\0001\0002\000\040\000s\000r\000c\000/\000p\000e\000n\000n\000o\000s\000.\000c\000\040\000F\000i\000l\000e\000\040\000R\000e\000f\000e\000r\000e\000n\000c\000e}{chapter.10}% 180
\BOOKMARK [2][-]{subsection.10.12.1}{\376\377\0001\0000\000.\0001\0002\000.\0001\000\040\000F\000u\000n\000c\000t\000i\000o\000n\000\040\000D\000o\000c\000u\000m\000e\000n\000t\000a\000t\000i\000o\000n}{section.10.12}% 181
\BOOKMARK [3][-]{subsubsection.10.12.1.1}{\376\377\0001\0000\000.\0001\0002\000.\0001\000.\0001\000\040\000c\000a\000n\000c\000e\000l\000\137\000a\000n\000d\000\137\000j\000o\000i\000n\000\050\000\051}{subsection.10.12.1}% 182
\BOOKMARK [3][-]{subsubsection.10.12.1.2}{\376\377\0001\0000\000.\0001\0002\000.\0001\000.\0002\000\040\000m\000a\000i\000n\000\050\000\051}{subsection.10.12.1}% 183
\BOOKMARK [3][-]{subsubsection.10.12.1.3}{\376\377\0001\0000\000.\0001\0002\000.\0001\000.\0003\000\040\000s\000c\000h\000e\000d\000u\000l\000e\000r\000\050\000\051}{subsection.10.12.1}% 184
\BOOKMARK [2][-]{subsection.10.12.2}{\376\377\0001\0000\000.\0001\0002\000.\0002\000\040\000V\000a\000r\000i\000a\000b\000l\000e\000\040\000D\000o\000c\000u\000m\000e\000n\000t\000a\000t\000i\000o\000n}{section.10.12}% 185
\BOOKMARK [3][-]{subsubsection.10.12.2.1}{\376\377\0001\0000\000.\0001\0002\000.\0002\000.\0001\000\040\000p\000r\000i\000o\000r\000i\000t\000y}{subsection.10.12.2}% 186
\BOOKMARK [1][-]{section.10.13}{\376\377\0001\0000\000.\0001\0003\000\040\000s\000r\000c\000/\000p\000e\000n\000n\000o\000s\000.\000h\000\040\000F\000i\000l\000e\000\040\000R\000e\000f\000e\000r\000e\000n\000c\000e}{chapter.10}% 187
\BOOKMARK [2][-]{subsection.10.13.1}{\376\377\0001\0000\000.\0001\0003\000.\0001\000\040\000M\000a\000c\000r\000o\000\040\000D\000e\000f\000i\000n\000i\000t\000i\000o\000n\000\040\000D\000o\000c\000u\000m\000e\000n\000t\000a\000t\000i\000o\000n}{section.10.13}% 188
\BOOKMARK [3][-]{subsubsection.10.13.1.1}{\376\377\0001\0000\000.\0001\0003\000.\0001\000.\0001\000\040\000\137\000D\000E\000F\000A\000U\000L\000T\000\137\000S\000O\000U\000R\000C\000E}{subsection.10.13.1}% 189
\BOOKMARK [3][-]{subsubsection.10.13.1.2}{\376\377\0001\0000\000.\0001\0003\000.\0001\000.\0002\000\040\000\137\000P\000O\000S\000I\000X\000\137\000C\000\137\000S\000O\000U\000R\000C\000E}{subsection.10.13.1}% 190
\BOOKMARK [3][-]{subsubsection.10.13.1.3}{\376\377\0001\0000\000.\0001\0003\000.\0001\000.\0003\000\040\000\137\000X\000O\000P\000E\000N\000\137\000S\000O\000U\000R\000C\000E}{subsection.10.13.1}% 191
\BOOKMARK [3][-]{subsubsection.10.13.1.4}{\376\377\0001\0000\000.\0001\0003\000.\0001\000.\0004\000\040\000M\000A\000X\000\137\000L\000E\000N}{subsection.10.13.1}% 192
\BOOKMARK [3][-]{subsubsection.10.13.1.5}{\376\377\0001\0000\000.\0001\0003\000.\0001\000.\0005\000\040\000P\000R\000O\000M\000P\000T}{subsection.10.13.1}% 193
\BOOKMARK [3][-]{subsubsection.10.13.1.6}{\376\377\0001\0000\000.\0001\0003\000.\0001\000.\0006\000\040\000S\000T\000D\000E\000R\000R\000\137\000F\000I\000L\000E\000N\000O}{subsection.10.13.1}% 194
\BOOKMARK [3][-]{subsubsection.10.13.1.7}{\376\377\0001\0000\000.\0001\0003\000.\0001\000.\0007\000\040\000S\000T\000D\000I\000N\000\137\000F\000I\000L\000E\000N\000O}{subsection.10.13.1}% 195
\BOOKMARK [3][-]{subsubsection.10.13.1.8}{\376\377\0001\0000\000.\0001\0003\000.\0001\000.\0008\000\040\000S\000T\000D\000O\000U\000T\000\137\000F\000I\000L\000E\000N\000O}{subsection.10.13.1}% 196
\BOOKMARK [2][-]{subsection.10.13.2}{\376\377\0001\0000\000.\0001\0003\000.\0002\000\040\000F\000u\000n\000c\000t\000i\000o\000n\000\040\000D\000o\000c\000u\000m\000e\000n\000t\000a\000t\000i\000o\000n}{section.10.13}% 197
\BOOKMARK [3][-]{subsubsection.10.13.2.1}{\376\377\0001\0000\000.\0001\0003\000.\0002\000.\0001\000\040\000f\000u\000n\000c\000t\000i\000o\000n\000\137\000f\000r\000o\000m\000\137\000s\000t\000r\000i\000n\000g\000\050\000\051}{subsection.10.13.2}% 198
\BOOKMARK [1][-]{section.10.14}{\376\377\0001\0000\000.\0001\0004\000\040\000p\000e\000n\000n\000o\000s\000.\000h}{chapter.10}% 199
\BOOKMARK [1][-]{section.10.15}{\376\377\0001\0000\000.\0001\0005\000\040\000s\000r\000c\000/\000s\000t\000a\000n\000d\000a\000l\000o\000n\000e\000f\000a\000t\000.\000c\000\040\000F\000i\000l\000e\000\040\000R\000e\000f\000e\000r\000e\000n\000c\000e}{chapter.10}% 200
\BOOKMARK [2][-]{subsection.10.15.1}{\376\377\0001\0000\000.\0001\0005\000.\0001\000\040\000F\000u\000n\000c\000t\000i\000o\000n\000\040\000D\000o\000c\000u\000m\000e\000n\000t\000a\000t\000i\000o\000n}{section.10.15}% 201
\BOOKMARK [3][-]{subsubsection.10.15.1.1}{\376\377\0001\0000\000.\0001\0005\000.\0001\000.\0001\000\040\000m\000a\000i\000n\000\050\000\051}{subsection.10.15.1}% 202
\BOOKMARK [1][-]{section.10.16}{\376\377\0001\0000\000.\0001\0006\000\040\000s\000r\000c\000/\000u\000t\000i\000l\000/\000a\000r\000r\000a\000y\000.\000c\000\040\000F\000i\000l\000e\000\040\000R\000e\000f\000e\000r\000e\000n\000c\000e}{chapter.10}% 203
\BOOKMARK [2][-]{subsection.10.16.1}{\376\377\0001\0000\000.\0001\0006\000.\0001\000\040\000F\000u\000n\000c\000t\000i\000o\000n\000\040\000D\000o\000c\000u\000m\000e\000n\000t\000a\000t\000i\000o\000n}{section.10.16}% 204
\BOOKMARK [3][-]{subsubsection.10.16.1.1}{\376\377\0001\0000\000.\0001\0006\000.\0001\000.\0001\000\040\000d\000y\000n\000a\000m\000i\000c\000\137\000p\000i\000d\000\137\000a\000r\000r\000a\000y\000\137\000a\000d\000d\000\050\000\051}{subsection.10.16.1}% 205
\BOOKMARK [3][-]{subsubsection.10.16.1.2}{\376\377\0001\0000\000.\0001\0006\000.\0001\000.\0002\000\040\000d\000y\000n\000a\000m\000i\000c\000\137\000p\000i\000d\000\137\000a\000r\000r\000a\000y\000\137\000c\000o\000n\000t\000a\000i\000n\000s\000\050\000\051}{subsection.10.16.1}% 206
\BOOKMARK [3][-]{subsubsection.10.16.1.3}{\376\377\0001\0000\000.\0001\0006\000.\0001\000.\0003\000\040\000d\000y\000n\000a\000m\000i\000c\000\137\000p\000i\000d\000\137\000a\000r\000r\000a\000y\000\137\000c\000r\000e\000a\000t\000e\000\050\000\051}{subsection.10.16.1}% 207
\BOOKMARK [3][-]{subsubsection.10.16.1.4}{\376\377\0001\0000\000.\0001\0006\000.\0001\000.\0004\000\040\000d\000y\000n\000a\000m\000i\000c\000\137\000p\000i\000d\000\137\000a\000r\000r\000a\000y\000\137\000d\000e\000s\000t\000r\000o\000y\000\050\000\051}{subsection.10.16.1}% 208
\BOOKMARK [3][-]{subsubsection.10.16.1.5}{\376\377\0001\0000\000.\0001\0006\000.\0001\000.\0005\000\040\000d\000y\000n\000a\000m\000i\000c\000\137\000p\000i\000d\000\137\000a\000r\000r\000a\000y\000\137\000r\000e\000m\000o\000v\000e\000\050\000\051}{subsection.10.16.1}% 209
\BOOKMARK [1][-]{section.10.17}{\376\377\0001\0000\000.\0001\0007\000\040\000s\000r\000c\000/\000u\000t\000i\000l\000/\000a\000r\000r\000a\000y\000.\000h\000\040\000F\000i\000l\000e\000\040\000R\000e\000f\000e\000r\000e\000n\000c\000e}{chapter.10}% 210
\BOOKMARK [2][-]{subsection.10.17.1}{\376\377\0001\0000\000.\0001\0007\000.\0001\000\040\000F\000u\000n\000c\000t\000i\000o\000n\000\040\000D\000o\000c\000u\000m\000e\000n\000t\000a\000t\000i\000o\000n}{section.10.17}% 211
\BOOKMARK [3][-]{subsubsection.10.17.1.1}{\376\377\0001\0000\000.\0001\0007\000.\0001\000.\0001\000\040\000d\000y\000n\000a\000m\000i\000c\000\137\000p\000i\000d\000\137\000a\000r\000r\000a\000y\000\137\000a\000d\000d\000\050\000\051}{subsection.10.17.1}% 212
\BOOKMARK [3][-]{subsubsection.10.17.1.2}{\376\377\0001\0000\000.\0001\0007\000.\0001\000.\0002\000\040\000d\000y\000n\000a\000m\000i\000c\000\137\000p\000i\000d\000\137\000a\000r\000r\000a\000y\000\137\000c\000o\000n\000t\000a\000i\000n\000s\000\050\000\051}{subsection.10.17.1}% 213
\BOOKMARK [3][-]{subsubsection.10.17.1.3}{\376\377\0001\0000\000.\0001\0007\000.\0001\000.\0003\000\040\000d\000y\000n\000a\000m\000i\000c\000\137\000p\000i\000d\000\137\000a\000r\000r\000a\000y\000\137\000c\000r\000e\000a\000t\000e\000\050\000\051}{subsection.10.17.1}% 214
\BOOKMARK [3][-]{subsubsection.10.17.1.4}{\376\377\0001\0000\000.\0001\0007\000.\0001\000.\0004\000\040\000d\000y\000n\000a\000m\000i\000c\000\137\000p\000i\000d\000\137\000a\000r\000r\000a\000y\000\137\000d\000e\000s\000t\000r\000o\000y\000\050\000\051}{subsection.10.17.1}% 215
\BOOKMARK [3][-]{subsubsection.10.17.1.5}{\376\377\0001\0000\000.\0001\0007\000.\0001\000.\0005\000\040\000d\000y\000n\000a\000m\000i\000c\000\137\000p\000i\000d\000\137\000a\000r\000r\000a\000y\000\137\000r\000e\000m\000o\000v\000e\000\050\000\051}{subsection.10.17.1}% 216
\BOOKMARK [1][-]{section.10.18}{\376\377\0001\0000\000.\0001\0008\000\040\000a\000r\000r\000a\000y\000.\000h}{chapter.10}% 217
\BOOKMARK [1][-]{section.10.19}{\376\377\0001\0000\000.\0001\0009\000\040\000s\000r\000c\000/\000u\000t\000i\000l\000/\000b\000i\000t\000m\000a\000p\000.\000c\000\040\000F\000i\000l\000e\000\040\000R\000e\000f\000e\000r\000e\000n\000c\000e}{chapter.10}% 218
\BOOKMARK [2][-]{subsection.10.19.1}{\376\377\0001\0000\000.\0001\0009\000.\0001\000\040\000F\000u\000n\000c\000t\000i\000o\000n\000\040\000D\000o\000c\000u\000m\000e\000n\000t\000a\000t\000i\000o\000n}{section.10.19}% 219
\BOOKMARK [3][-]{subsubsection.10.19.1.1}{\376\377\0001\0000\000.\0001\0009\000.\0001\000.\0001\000\040\000f\000d\000\137\000b\000i\000t\000m\000a\000p\000\137\000c\000l\000e\000a\000r\000\050\000\051}{subsection.10.19.1}% 220
\BOOKMARK [3][-]{subsubsection.10.19.1.2}{\376\377\0001\0000\000.\0001\0009\000.\0001\000.\0002\000\040\000f\000d\000\137\000b\000i\000t\000m\000a\000p\000\137\000i\000n\000i\000t\000i\000a\000l\000i\000z\000e\000\050\000\051}{subsection.10.19.1}% 221
\BOOKMARK [3][-]{subsubsection.10.19.1.3}{\376\377\0001\0000\000.\0001\0009\000.\0001\000.\0003\000\040\000f\000d\000\137\000b\000i\000t\000m\000a\000p\000\137\000s\000e\000t\000\050\000\051}{subsection.10.19.1}% 222
\BOOKMARK [3][-]{subsubsection.10.19.1.4}{\376\377\0001\0000\000.\0001\0009\000.\0001\000.\0004\000\040\000f\000d\000\137\000b\000i\000t\000m\000a\000p\000\137\000t\000e\000s\000t\000\050\000\051}{subsection.10.19.1}% 223
\BOOKMARK [1][-]{section.10.20}{\376\377\0001\0000\000.\0002\0000\000\040\000s\000r\000c\000/\000u\000t\000i\000l\000/\000b\000i\000t\000m\000a\000p\000.\000h\000\040\000F\000i\000l\000e\000\040\000R\000e\000f\000e\000r\000e\000n\000c\000e}{chapter.10}% 224
\BOOKMARK [2][-]{subsection.10.20.1}{\376\377\0001\0000\000.\0002\0000\000.\0001\000\040\000M\000a\000c\000r\000o\000\040\000D\000e\000f\000i\000n\000i\000t\000i\000o\000n\000\040\000D\000o\000c\000u\000m\000e\000n\000t\000a\000t\000i\000o\000n}{section.10.20}% 225
\BOOKMARK [3][-]{subsubsection.10.20.1.1}{\376\377\0001\0000\000.\0002\0000\000.\0001\000.\0001\000\040\000F\000D\000\137\000B\000I\000T\000M\000A\000P\000\137\000B\000Y\000T\000E\000S}{subsection.10.20.1}% 226
\BOOKMARK [3][-]{subsubsection.10.20.1.2}{\376\377\0001\0000\000.\0002\0000\000.\0001\000.\0002\000\040\000F\000D\000\137\000B\000I\000T\000M\000A\000P\000\137\000S\000I\000Z\000E}{subsection.10.20.1}% 227
\BOOKMARK [2][-]{subsection.10.20.2}{\376\377\0001\0000\000.\0002\0000\000.\0002\000\040\000F\000u\000n\000c\000t\000i\000o\000n\000\040\000D\000o\000c\000u\000m\000e\000n\000t\000a\000t\000i\000o\000n}{section.10.20}% 228
\BOOKMARK [3][-]{subsubsection.10.20.2.1}{\376\377\0001\0000\000.\0002\0000\000.\0002\000.\0001\000\040\000f\000d\000\137\000b\000i\000t\000m\000a\000p\000\137\000c\000l\000e\000a\000r\000\050\000\051}{subsection.10.20.2}% 229
\BOOKMARK [3][-]{subsubsection.10.20.2.2}{\376\377\0001\0000\000.\0002\0000\000.\0002\000.\0002\000\040\000f\000d\000\137\000b\000i\000t\000m\000a\000p\000\137\000i\000n\000i\000t\000i\000a\000l\000i\000z\000e\000\050\000\051}{subsection.10.20.2}% 230
\BOOKMARK [3][-]{subsubsection.10.20.2.3}{\376\377\0001\0000\000.\0002\0000\000.\0002\000.\0003\000\040\000f\000d\000\137\000b\000i\000t\000m\000a\000p\000\137\000s\000e\000t\000\050\000\051}{subsection.10.20.2}% 231
\BOOKMARK [3][-]{subsubsection.10.20.2.4}{\376\377\0001\0000\000.\0002\0000\000.\0002\000.\0004\000\040\000f\000d\000\137\000b\000i\000t\000m\000a\000p\000\137\000t\000e\000s\000t\000\050\000\051}{subsection.10.20.2}% 232
\BOOKMARK [1][-]{section.10.21}{\376\377\0001\0000\000.\0002\0001\000\040\000b\000i\000t\000m\000a\000p\000.\000h}{chapter.10}% 233
\BOOKMARK [1][-]{section.10.22}{\376\377\0001\0000\000.\0002\0002\000\040\000s\000r\000c\000/\000u\000t\000i\000l\000/\000c\000l\000i\000n\000k\000e\000d\000l\000i\000s\000t\000.\000c\000\040\000F\000i\000l\000e\000\040\000R\000e\000f\000e\000r\000e\000n\000c\000e}{chapter.10}% 234
\BOOKMARK [2][-]{subsection.10.22.1}{\376\377\0001\0000\000.\0002\0002\000.\0001\000\040\000F\000u\000n\000c\000t\000i\000o\000n\000\040\000D\000o\000c\000u\000m\000e\000n\000t\000a\000t\000i\000o\000n}{section.10.22}% 235
\BOOKMARK [3][-]{subsubsection.10.22.1.1}{\376\377\0001\0000\000.\0002\0002\000.\0001\000.\0001\000\040\000a\000d\000d\000\137\000p\000r\000o\000c\000e\000s\000s\000\050\000\051}{subsection.10.22.1}% 236
\BOOKMARK [3][-]{subsubsection.10.22.1.2}{\376\377\0001\0000\000.\0002\0002\000.\0001\000.\0002\000\040\000f\000i\000n\000d\000\137\000p\000r\000o\000c\000e\000s\000s\000\050\000\051}{subsection.10.22.1}% 237
\BOOKMARK [3][-]{subsubsection.10.22.1.3}{\376\377\0001\0000\000.\0002\0002\000.\0001\000.\0003\000\040\000i\000n\000i\000t\000\137\000l\000i\000s\000t\000\050\000\051}{subsection.10.22.1}% 238
\BOOKMARK [3][-]{subsubsection.10.22.1.4}{\376\377\0001\0000\000.\0002\0002\000.\0001\000.\0004\000\040\000r\000e\000m\000o\000v\000e\000\137\000p\000r\000o\000c\000e\000s\000s\000\050\000\051}{subsection.10.22.1}% 239
\BOOKMARK [1][-]{section.10.23}{\376\377\0001\0000\000.\0002\0003\000\040\000s\000r\000c\000/\000u\000t\000i\000l\000/\000c\000l\000i\000n\000k\000e\000d\000l\000i\000s\000t\000.\000h\000\040\000F\000i\000l\000e\000\040\000R\000e\000f\000e\000r\000e\000n\000c\000e}{chapter.10}% 240
\BOOKMARK [2][-]{subsection.10.23.1}{\376\377\0001\0000\000.\0002\0003\000.\0001\000\040\000T\000y\000p\000e\000d\000e\000f\000\040\000D\000o\000c\000u\000m\000e\000n\000t\000a\000t\000i\000o\000n}{section.10.23}% 241
\BOOKMARK [3][-]{subsubsection.10.23.1.1}{\376\377\0001\0000\000.\0002\0003\000.\0001\000.\0001\000\040\000N\000o\000d\000e}{subsection.10.23.1}% 242
\BOOKMARK [3][-]{subsubsection.10.23.1.2}{\376\377\0001\0000\000.\0002\0003\000.\0001\000.\0002\000\040\000p\000c\000b\000\137\000t}{subsection.10.23.1}% 243
\BOOKMARK [2][-]{subsection.10.23.2}{\376\377\0001\0000\000.\0002\0003\000.\0002\000\040\000F\000u\000n\000c\000t\000i\000o\000n\000\040\000D\000o\000c\000u\000m\000e\000n\000t\000a\000t\000i\000o\000n}{section.10.23}% 244
\BOOKMARK [3][-]{subsubsection.10.23.2.1}{\376\377\0001\0000\000.\0002\0003\000.\0002\000.\0001\000\040\000a\000d\000d\000\137\000p\000r\000o\000c\000e\000s\000s\000\050\000\051}{subsection.10.23.2}% 245
\BOOKMARK [3][-]{subsubsection.10.23.2.2}{\376\377\0001\0000\000.\0002\0003\000.\0002\000.\0002\000\040\000f\000i\000n\000d\000\137\000p\000r\000o\000c\000e\000s\000s\000\050\000\051}{subsection.10.23.2}% 246
\BOOKMARK [3][-]{subsubsection.10.23.2.3}{\376\377\0001\0000\000.\0002\0003\000.\0002\000.\0003\000\040\000i\000n\000i\000t\000\137\000l\000i\000s\000t\000\050\000\051}{subsection.10.23.2}% 247
\BOOKMARK [3][-]{subsubsection.10.23.2.4}{\376\377\0001\0000\000.\0002\0003\000.\0002\000.\0004\000\040\000r\000e\000m\000o\000v\000e\000\137\000p\000r\000o\000c\000e\000s\000s\000\050\000\051}{subsection.10.23.2}% 248
\BOOKMARK [1][-]{section.10.24}{\376\377\0001\0000\000.\0002\0004\000\040\000c\000l\000i\000n\000k\000e\000d\000l\000i\000s\000t\000.\000h}{chapter.10}% 249
\BOOKMARK [1][-]{section.10.25}{\376\377\0001\0000\000.\0002\0005\000\040\000s\000r\000c\000/\000u\000t\000i\000l\000/\000e\000r\000r\000o\000r\000.\000h\000\040\000F\000i\000l\000e\000\040\000R\000e\000f\000e\000r\000e\000n\000c\000e}{chapter.10}% 250
\BOOKMARK [2][-]{subsection.10.25.1}{\376\377\0001\0000\000.\0002\0005\000.\0001\000\040\000F\000u\000n\000c\000t\000i\000o\000n\000\040\000D\000o\000c\000u\000m\000e\000n\000t\000a\000t\000i\000o\000n}{section.10.25}% 251
\BOOKMARK [3][-]{subsubsection.10.25.1.1}{\376\377\0001\0000\000.\0002\0005\000.\0001\000.\0001\000\040\000u\000\137\000p\000e\000r\000r\000o\000r\000\050\000\051}{subsection.10.25.1}% 252
\BOOKMARK [2][-]{subsection.10.25.2}{\376\377\0001\0000\000.\0002\0005\000.\0002\000\040\000V\000a\000r\000i\000a\000b\000l\000e\000\040\000D\000o\000c\000u\000m\000e\000n\000t\000a\000t\000i\000o\000n}{section.10.25}% 253
\BOOKMARK [3][-]{subsubsection.10.25.2.1}{\376\377\0001\0000\000.\0002\0005\000.\0002\000.\0001\000\040\000e\000r\000r\000n\000o}{subsection.10.25.2}% 254
\BOOKMARK [1][-]{section.10.26}{\376\377\0001\0000\000.\0002\0006\000\040\000e\000r\000r\000o\000r\000.\000h}{chapter.10}% 255
\BOOKMARK [1][-]{section.10.27}{\376\377\0001\0000\000.\0002\0007\000\040\000s\000r\000c\000/\000u\000t\000i\000l\000/\000g\000l\000o\000b\000a\000l\000s\000.\000c\000\040\000F\000i\000l\000e\000\040\000R\000e\000f\000e\000r\000e\000n\000c\000e}{chapter.10}% 256
\BOOKMARK [2][-]{subsection.10.27.1}{\376\377\0001\0000\000.\0002\0007\000.\0001\000\040\000V\000a\000r\000i\000a\000b\000l\000e\000\040\000D\000o\000c\000u\000m\000e\000n\000t\000a\000t\000i\000o\000n}{section.10.27}% 257
\BOOKMARK [3][-]{subsubsection.10.27.1.1}{\376\377\0001\0000\000.\0002\0007\000.\0001\000.\0001\000\040\000b\000l\000o\000c\000k\000e\000d}{subsection.10.27.1}% 258
\BOOKMARK [3][-]{subsubsection.10.27.1.2}{\376\377\0001\0000\000.\0002\0007\000.\0001\000.\0002\000\040\000c\000u\000r\000r\000e\000n\000t}{subsection.10.27.1}% 259
\BOOKMARK [3][-]{subsubsection.10.27.1.3}{\376\377\0001\0000\000.\0002\0007\000.\0001\000.\0003\000\040\000l\000o\000g\000f\000i\000l\000e\000d\000e\000s\000c\000r\000i\000p\000t\000o\000r}{subsection.10.27.1}% 260
\BOOKMARK [3][-]{subsubsection.10.27.1.4}{\376\377\0001\0000\000.\0002\0007\000.\0001\000.\0004\000\040\000n\000e\000x\000t\000\137\000p\000i\000d}{subsection.10.27.1}% 261
\BOOKMARK [3][-]{subsubsection.10.27.1.5}{\376\377\0001\0000\000.\0002\0007\000.\0001\000.\0005\000\040\000p\000r\000o\000c\000e\000s\000s\000e\000s}{subsection.10.27.1}% 262
\BOOKMARK [3][-]{subsubsection.10.27.1.6}{\376\377\0001\0000\000.\0002\0007\000.\0001\000.\0006\000\040\000s\000t\000o\000p\000p\000e\000d}{subsection.10.27.1}% 263
\BOOKMARK [3][-]{subsubsection.10.27.1.7}{\376\377\0001\0000\000.\0002\0007\000.\0001\000.\0007\000\040\000t\000i\000c\000k}{subsection.10.27.1}% 264
\BOOKMARK [3][-]{subsubsection.10.27.1.8}{\376\377\0001\0000\000.\0002\0007\000.\0001\000.\0008\000\040\000z\000o\000m\000b\000i\000e\000d}{subsection.10.27.1}% 265
\BOOKMARK [1][-]{section.10.28}{\376\377\0001\0000\000.\0002\0008\000\040\000s\000r\000c\000/\000u\000t\000i\000l\000/\000g\000l\000o\000b\000a\000l\000s\000.\000h\000\040\000F\000i\000l\000e\000\040\000R\000e\000f\000e\000r\000e\000n\000c\000e}{chapter.10}% 266
\BOOKMARK [2][-]{subsection.10.28.1}{\376\377\0001\0000\000.\0002\0008\000.\0001\000\040\000V\000a\000r\000i\000a\000b\000l\000e\000\040\000D\000o\000c\000u\000m\000e\000n\000t\000a\000t\000i\000o\000n}{section.10.28}% 267
\BOOKMARK [3][-]{subsubsection.10.28.1.1}{\376\377\0001\0000\000.\0002\0008\000.\0001\000.\0001\000\040\000b\000l\000o\000c\000k\000e\000d}{subsection.10.28.1}% 268
\BOOKMARK [3][-]{subsubsection.10.28.1.2}{\376\377\0001\0000\000.\0002\0008\000.\0001\000.\0002\000\040\000c\000u\000r\000r\000e\000n\000t}{subsection.10.28.1}% 269
\BOOKMARK [3][-]{subsubsection.10.28.1.3}{\376\377\0001\0000\000.\0002\0008\000.\0001\000.\0003\000\040\000l\000o\000g\000f\000i\000l\000e\000d\000e\000s\000c\000r\000i\000p\000t\000o\000r}{subsection.10.28.1}% 270
\BOOKMARK [3][-]{subsubsection.10.28.1.4}{\376\377\0001\0000\000.\0002\0008\000.\0001\000.\0004\000\040\000n\000e\000x\000t\000\137\000p\000i\000d}{subsection.10.28.1}% 271
\BOOKMARK [3][-]{subsubsection.10.28.1.5}{\376\377\0001\0000\000.\0002\0008\000.\0001\000.\0005\000\040\000p\000r\000o\000c\000e\000s\000s\000e\000s}{subsection.10.28.1}% 272
\BOOKMARK [3][-]{subsubsection.10.28.1.6}{\376\377\0001\0000\000.\0002\0008\000.\0001\000.\0006\000\040\000s\000t\000o\000p\000p\000e\000d}{subsection.10.28.1}% 273
\BOOKMARK [3][-]{subsubsection.10.28.1.7}{\376\377\0001\0000\000.\0002\0008\000.\0001\000.\0007\000\040\000t\000i\000c\000k}{subsection.10.28.1}% 274
\BOOKMARK [3][-]{subsubsection.10.28.1.8}{\376\377\0001\0000\000.\0002\0008\000.\0001\000.\0008\000\040\000z\000o\000m\000b\000i\000e\000d}{subsection.10.28.1}% 275
\BOOKMARK [1][-]{section.10.29}{\376\377\0001\0000\000.\0002\0009\000\040\000g\000l\000o\000b\000a\000l\000s\000.\000h}{chapter.10}% 276
\BOOKMARK [1][-]{section.10.30}{\376\377\0001\0000\000.\0003\0000\000\040\000s\000r\000c\000/\000u\000t\000i\000l\000/\000k\000e\000r\000n\000e\000l\000.\000c\000\040\000F\000i\000l\000e\000\040\000R\000e\000f\000e\000r\000e\000n\000c\000e}{chapter.10}% 277
\BOOKMARK [2][-]{subsection.10.30.1}{\376\377\0001\0000\000.\0003\0000\000.\0001\000\040\000F\000u\000n\000c\000t\000i\000o\000n\000\040\000D\000o\000c\000u\000m\000e\000n\000t\000a\000t\000i\000o\000n}{section.10.30}% 278
\BOOKMARK [3][-]{subsubsection.10.30.1.1}{\376\377\0001\0000\000.\0003\0000\000.\0001\000.\0001\000\040\000k\000\137\000p\000r\000o\000c\000\137\000c\000l\000e\000a\000n\000u\000p\000\050\000\051}{subsection.10.30.1}% 279
\BOOKMARK [3][-]{subsubsection.10.30.1.2}{\376\377\0001\0000\000.\0003\0000\000.\0001\000.\0002\000\040\000k\000\137\000p\000r\000o\000c\000\137\000c\000r\000e\000a\000t\000e\000\050\000\051}{subsection.10.30.1}% 280
\BOOKMARK [1][-]{section.10.31}{\376\377\0001\0000\000.\0003\0001\000\040\000s\000r\000c\000/\000u\000t\000i\000l\000/\000k\000e\000r\000n\000e\000l\000.\000h\000\040\000F\000i\000l\000e\000\040\000R\000e\000f\000e\000r\000e\000n\000c\000e}{chapter.10}% 281
\BOOKMARK [2][-]{subsection.10.31.1}{\376\377\0001\0000\000.\0003\0001\000.\0001\000\040\000M\000a\000c\000r\000o\000\040\000D\000e\000f\000i\000n\000i\000t\000i\000o\000n\000\040\000D\000o\000c\000u\000m\000e\000n\000t\000a\000t\000i\000o\000n}{section.10.31}% 282
\BOOKMARK [3][-]{subsubsection.10.31.1.1}{\376\377\0001\0000\000.\0003\0001\000.\0001\000.\0001\000\040\000P\000\137\000S\000I\000G\000C\000O\000N\000T}{subsection.10.31.1}% 283
\BOOKMARK [3][-]{subsubsection.10.31.1.2}{\376\377\0001\0000\000.\0003\0001\000.\0001\000.\0002\000\040\000P\000\137\000S\000I\000G\000S\000T\000O\000P}{subsection.10.31.1}% 284
\BOOKMARK [3][-]{subsubsection.10.31.1.3}{\376\377\0001\0000\000.\0003\0001\000.\0001\000.\0003\000\040\000P\000\137\000S\000I\000G\000T\000E\000R}{subsection.10.31.1}% 285
\BOOKMARK [2][-]{subsection.10.31.2}{\376\377\0001\0000\000.\0003\0001\000.\0002\000\040\000T\000y\000p\000e\000d\000e\000f\000\040\000D\000o\000c\000u\000m\000e\000n\000t\000a\000t\000i\000o\000n}{section.10.31}% 286
\BOOKMARK [3][-]{subsubsection.10.31.2.1}{\376\377\0001\0000\000.\0003\0001\000.\0002\000.\0001\000\040\000p\000c\000b\000\137\000t}{subsection.10.31.2}% 287
\BOOKMARK [2][-]{subsection.10.31.3}{\376\377\0001\0000\000.\0003\0001\000.\0003\000\040\000E\000n\000u\000m\000e\000r\000a\000t\000i\000o\000n\000\040\000T\000y\000p\000e\000\040\000D\000o\000c\000u\000m\000e\000n\000t\000a\000t\000i\000o\000n}{section.10.31}% 288
\BOOKMARK [3][-]{subsubsection.10.31.3.1}{\376\377\0001\0000\000.\0003\0001\000.\0003\000.\0001\000\040\000p\000r\000o\000c\000e\000s\000s\000\137\000s\000t\000a\000t\000e\000\137\000t}{subsection.10.31.3}% 289
\BOOKMARK [2][-]{subsection.10.31.4}{\376\377\0001\0000\000.\0003\0001\000.\0004\000\040\000F\000u\000n\000c\000t\000i\000o\000n\000\040\000D\000o\000c\000u\000m\000e\000n\000t\000a\000t\000i\000o\000n}{section.10.31}% 290
\BOOKMARK [3][-]{subsubsection.10.31.4.1}{\376\377\0001\0000\000.\0003\0001\000.\0004\000.\0001\000\040\000k\000\137\000p\000r\000o\000c\000\137\000c\000l\000e\000a\000n\000u\000p\000\050\000\051}{subsection.10.31.4}% 291
\BOOKMARK [3][-]{subsubsection.10.31.4.2}{\376\377\0001\0000\000.\0003\0001\000.\0004\000.\0002\000\040\000k\000\137\000p\000r\000o\000c\000\137\000c\000r\000e\000a\000t\000e\000\050\000\051}{subsection.10.31.4}% 292
\BOOKMARK [1][-]{section.10.32}{\376\377\0001\0000\000.\0003\0002\000\040\000k\000e\000r\000n\000e\000l\000.\000h}{chapter.10}% 293
\BOOKMARK [1][-]{section.10.33}{\376\377\0001\0000\000.\0003\0003\000\040\000s\000r\000c\000/\000u\000t\000i\000l\000/\000p\000e\000n\000n\000f\000a\000t\000\137\000k\000e\000r\000n\000e\000l\000.\000c\000\040\000F\000i\000l\000e\000\040\000R\000e\000f\000e\000r\000e\000n\000c\000e}{chapter.10}% 294
\BOOKMARK [2][-]{subsection.10.33.1}{\376\377\0001\0000\000.\0003\0003\000.\0001\000\040\000F\000u\000n\000c\000t\000i\000o\000n\000\040\000D\000o\000c\000u\000m\000e\000n\000t\000a\000t\000i\000o\000n}{section.10.33}% 295
\BOOKMARK [3][-]{subsubsection.10.33.1.1}{\376\377\0001\0000\000.\0003\0003\000.\0001\000.\0001\000\040\000c\000r\000e\000a\000t\000e\000\137\000d\000i\000r\000e\000c\000t\000o\000r\000y\000\137\000e\000n\000t\000r\000y\000\050\000\051}{subsection.10.33.1}% 296
\BOOKMARK [3][-]{subsubsection.10.33.1.2}{\376\377\0001\0000\000.\0003\0003\000.\0001\000.\0002\000\040\000c\000r\000e\000a\000t\000e\000\137\000f\000i\000l\000e\000\137\000d\000e\000s\000c\000r\000i\000p\000t\000o\000r\000\050\000\051}{subsection.10.33.1}% 297
\BOOKMARK [3][-]{subsubsection.10.33.1.3}{\376\377\0001\0000\000.\0003\0003\000.\0001\000.\0003\000\040\000d\000o\000e\000s\000\137\000f\000i\000l\000e\000\137\000e\000x\000i\000s\000t\000\050\000\051}{subsection.10.33.1}% 298
\BOOKMARK [3][-]{subsubsection.10.33.1.4}{\376\377\0001\0000\000.\0003\0003\000.\0001\000.\0004\000\040\000d\000o\000e\000s\000\137\000f\000i\000l\000e\000\137\000e\000x\000i\000s\000t\0002\000\050\000\051}{subsection.10.33.1}% 299
\BOOKMARK [3][-]{subsubsection.10.33.1.5}{\376\377\0001\0000\000.\0003\0003\000.\0001\000.\0005\000\040\000e\000x\000t\000e\000n\000d\000\137\000f\000a\000t\000\050\000\051}{subsection.10.33.1}% 300
\BOOKMARK [3][-]{subsubsection.10.33.1.6}{\376\377\0001\0000\000.\0003\0003\000.\0001\000.\0006\000\040\000f\000o\000r\000m\000a\000t\000T\000i\000m\000e\000\050\000\051}{subsection.10.33.1}% 301
\BOOKMARK [3][-]{subsubsection.10.33.1.7}{\376\377\0001\0000\000.\0003\0003\000.\0001\000.\0007\000\040\000g\000e\000n\000e\000r\000a\000t\000e\000\137\000p\000e\000r\000m\000i\000s\000s\000i\000o\000n\000\050\000\051}{subsection.10.33.1}% 302
\BOOKMARK [3][-]{subsubsection.10.33.1.8}{\376\377\0001\0000\000.\0003\0003\000.\0001\000.\0008\000\040\000g\000e\000t\000\137\000f\000i\000l\000e\000\137\000d\000e\000s\000c\000r\000i\000p\000t\000o\000r\000\050\000\051}{subsection.10.33.1}% 303
\BOOKMARK [3][-]{subsubsection.10.33.1.9}{\376\377\0001\0000\000.\0003\0003\000.\0001\000.\0009\000\040\000g\000e\000t\000\137\000f\000i\000r\000s\000t\000\137\000e\000m\000p\000t\000y\000\137\000f\000a\000t\000\137\000i\000n\000d\000e\000x\000\050\000\051}{subsection.10.33.1}% 304
\BOOKMARK [3][-]{subsubsection.10.33.1.10}{\376\377\0001\0000\000.\0003\0003\000.\0001\000.\0001\0000\000\040\000k\000\137\000c\000h\000a\000n\000g\000e\000\137\000m\000o\000d\000e\000\050\000\051}{subsection.10.33.1}% 305
\BOOKMARK [3][-]{subsubsection.10.33.1.11}{\376\377\0001\0000\000.\0003\0003\000.\0001\000.\0001\0001\000\040\000k\000\137\000c\000l\000o\000s\000e\000\050\000\051}{subsection.10.33.1}% 306
\BOOKMARK [3][-]{subsubsection.10.33.1.12}{\376\377\0001\0000\000.\0003\0003\000.\0001\000.\0001\0002\000\040\000k\000\137\000l\000s\000\050\000\051}{subsection.10.33.1}% 307
\BOOKMARK [3][-]{subsubsection.10.33.1.13}{\376\377\0001\0000\000.\0003\0003\000.\0001\000.\0001\0003\000\040\000k\000\137\000l\000s\000e\000e\000k\000\050\000\051}{subsection.10.33.1}% 308
\BOOKMARK [3][-]{subsubsection.10.33.1.14}{\376\377\0001\0000\000.\0003\0003\000.\0001\000.\0001\0004\000\040\000k\000\137\000o\000p\000e\000n\000\050\000\051}{subsection.10.33.1}% 309
\BOOKMARK [3][-]{subsubsection.10.33.1.15}{\376\377\0001\0000\000.\0003\0003\000.\0001\000.\0001\0005\000\040\000k\000\137\000r\000e\000a\000d\000\050\000\051}{subsection.10.33.1}% 310
\BOOKMARK [3][-]{subsubsection.10.33.1.16}{\376\377\0001\0000\000.\0003\0003\000.\0001\000.\0001\0006\000\040\000k\000\137\000r\000e\000a\000d\000\137\000a\000l\000l\000\050\000\051}{subsection.10.33.1}% 311
\BOOKMARK [3][-]{subsubsection.10.33.1.17}{\376\377\0001\0000\000.\0003\0003\000.\0001\000.\0001\0007\000\040\000k\000\137\000r\000e\000n\000a\000m\000e\000\050\000\051}{subsection.10.33.1}% 312
\BOOKMARK [3][-]{subsubsection.10.33.1.18}{\376\377\0001\0000\000.\0003\0003\000.\0001\000.\0001\0008\000\040\000k\000\137\000u\000n\000l\000i\000n\000k\000\050\000\051}{subsection.10.33.1}% 313
\BOOKMARK [3][-]{subsubsection.10.33.1.19}{\376\377\0001\0000\000.\0003\0003\000.\0001\000.\0001\0009\000\040\000k\000\137\000w\000r\000i\000t\000e\000\050\000\051}{subsection.10.33.1}% 314
\BOOKMARK [3][-]{subsubsection.10.33.1.20}{\376\377\0001\0000\000.\0003\0003\000.\0001\000.\0002\0000\000\040\000l\000s\000e\000e\000k\000\137\000t\000o\000\137\000r\000o\000o\000t\000\137\000d\000i\000r\000e\000c\000t\000o\000r\000y\000\050\000\051}{subsection.10.33.1}% 315
\BOOKMARK [3][-]{subsubsection.10.33.1.21}{\376\377\0001\0000\000.\0003\0003\000.\0001\000.\0002\0001\000\040\000m\000o\000v\000e\000\137\000t\000o\000\137\000o\000p\000e\000n\000\137\000d\000e\000\050\000\051}{subsection.10.33.1}% 316
\BOOKMARK [3][-]{subsubsection.10.33.1.22}{\376\377\0001\0000\000.\0003\0003\000.\0001\000.\0002\0002\000\040\000u\000p\000d\000a\000t\000e\000\137\000d\000i\000r\000e\000c\000t\000o\000r\000y\000\137\000e\000n\000t\000r\000y\000\137\000a\000f\000t\000e\000r\000\137\000w\000r\000i\000t\000e\000\050\000\051}{subsection.10.33.1}% 317
\BOOKMARK [3][-]{subsubsection.10.33.1.23}{\376\377\0001\0000\000.\0003\0003\000.\0001\000.\0002\0003\000\040\000w\000r\000i\000t\000e\000\137\000o\000n\000e\000\137\000b\000y\000t\000e\000\137\000i\000n\000\137\000w\000h\000i\000l\000e\000\050\000\051}{subsection.10.33.1}% 318
\BOOKMARK [2][-]{subsection.10.33.2}{\376\377\0001\0000\000.\0003\0003\000.\0002\000\040\000V\000a\000r\000i\000a\000b\000l\000e\000\040\000D\000o\000c\000u\000m\000e\000n\000t\000a\000t\000i\000o\000n}{section.10.33}% 319
\BOOKMARK [3][-]{subsubsection.10.33.2.1}{\376\377\0001\0000\000.\0003\0003\000.\0002\000.\0001\000\040\000b\000l\000o\000c\000k\000\137\000s\000i\000z\000e}{subsection.10.33.2}% 320
\BOOKMARK [3][-]{subsubsection.10.33.2.2}{\376\377\0001\0000\000.\0003\0003\000.\0002\000.\0002\000\040\000d\000a\000t\000a\000\137\000s\000i\000z\000e}{subsection.10.33.2}% 321
\BOOKMARK [3][-]{subsubsection.10.33.2.3}{\376\377\0001\0000\000.\0003\0003\000.\0002\000.\0003\000\040\000f\000a\000t}{subsection.10.33.2}% 322
\BOOKMARK [3][-]{subsubsection.10.33.2.4}{\376\377\0001\0000\000.\0003\0003\000.\0002\000.\0004\000\040\000f\000a\000t\000\137\000s\000i\000z\000e}{subsection.10.33.2}% 323
\BOOKMARK [3][-]{subsubsection.10.33.2.5}{\376\377\0001\0000\000.\0003\0003\000.\0002\000.\0005\000\040\000f\000d\000\137\000c\000o\000u\000n\000t\000e\000r}{subsection.10.33.2}% 324
\BOOKMARK [3][-]{subsubsection.10.33.2.6}{\376\377\0001\0000\000.\0003\0003\000.\0002\000.\0006\000\040\000f\000s\000\137\000f\000d}{subsection.10.33.2}% 325
\BOOKMARK [3][-]{subsubsection.10.33.2.7}{\376\377\0001\0000\000.\0003\0003\000.\0002\000.\0007\000\040\000g\000l\000o\000b\000a\000l\000\137\000f\000d\000\137\000t\000a\000b\000l\000e}{subsection.10.33.2}% 326
\BOOKMARK [3][-]{subsubsection.10.33.2.8}{\376\377\0001\0000\000.\0003\0003\000.\0002\000.\0008\000\040\000n\000u\000m\000\137\000f\000a\000t\000\137\000e\000n\000t\000r\000i\000e\000s}{subsection.10.33.2}% 327
\BOOKMARK [1][-]{section.10.34}{\376\377\0001\0000\000.\0003\0004\000\040\000s\000r\000c\000/\000u\000t\000i\000l\000/\000p\000e\000n\000n\000f\000a\000t\000\137\000k\000e\000r\000n\000e\000l\000.\000h\000\040\000F\000i\000l\000e\000\040\000R\000e\000f\000e\000r\000e\000n\000c\000e}{chapter.10}% 328
\BOOKMARK [2][-]{subsection.10.34.1}{\376\377\0001\0000\000.\0003\0004\000.\0001\000\040\000M\000a\000c\000r\000o\000\040\000D\000e\000f\000i\000n\000i\000t\000i\000o\000n\000\040\000D\000o\000c\000u\000m\000e\000n\000t\000a\000t\000i\000o\000n}{section.10.34}% 329
\BOOKMARK [3][-]{subsubsection.10.34.1.1}{\376\377\0001\0000\000.\0003\0004\000.\0001\000.\0001\000\040\000A\000P\000P\000E\000N\000D}{subsection.10.34.1}% 330
\BOOKMARK [3][-]{subsubsection.10.34.1.2}{\376\377\0001\0000\000.\0003\0004\000.\0001\000.\0002\000\040\000M\000A\000X\000\137\000F\000D\000\137\000N\000U\000M}{subsection.10.34.1}% 331
\BOOKMARK [3][-]{subsubsection.10.34.1.3}{\376\377\0001\0000\000.\0003\0004\000.\0001\000.\0003\000\040\000R\000E\000A\000D}{subsection.10.34.1}% 332
\BOOKMARK [3][-]{subsubsection.10.34.1.4}{\376\377\0001\0000\000.\0003\0004\000.\0001\000.\0004\000\040\000R\000E\000A\000D\000\137\000W\000R\000I\000T\000E}{subsection.10.34.1}% 333
\BOOKMARK [3][-]{subsubsection.10.34.1.5}{\376\377\0001\0000\000.\0003\0004\000.\0001\000.\0005\000\040\000W\000R\000I\000T\000E}{subsection.10.34.1}% 334
\BOOKMARK [2][-]{subsection.10.34.2}{\376\377\0001\0000\000.\0003\0004\000.\0002\000\040\000E\000n\000u\000m\000e\000r\000a\000t\000i\000o\000n\000\040\000T\000y\000p\000e\000\040\000D\000o\000c\000u\000m\000e\000n\000t\000a\000t\000i\000o\000n}{section.10.34}% 335
\BOOKMARK [3][-]{subsubsection.10.34.2.1}{\376\377\0001\0000\000.\0003\0004\000.\0002\000.\0001\000\040\000W\000h\000e\000n\000c\000e}{subsection.10.34.2}% 336
\BOOKMARK [2][-]{subsection.10.34.3}{\376\377\0001\0000\000.\0003\0004\000.\0003\000\040\000F\000u\000n\000c\000t\000i\000o\000n\000\040\000D\000o\000c\000u\000m\000e\000n\000t\000a\000t\000i\000o\000n}{section.10.34}% 337
\BOOKMARK [3][-]{subsubsection.10.34.3.1}{\376\377\0001\0000\000.\0003\0004\000.\0003\000.\0001\000\040\000c\000r\000e\000a\000t\000e\000\137\000d\000i\000r\000e\000c\000t\000o\000r\000y\000\137\000e\000n\000t\000r\000y\000\050\000\051}{subsection.10.34.3}% 338
\BOOKMARK [3][-]{subsubsection.10.34.3.2}{\376\377\0001\0000\000.\0003\0004\000.\0003\000.\0002\000\040\000c\000r\000e\000a\000t\000e\000\137\000f\000i\000l\000e\000\137\000d\000e\000s\000c\000r\000i\000p\000t\000o\000r\000\050\000\051}{subsection.10.34.3}% 339
\BOOKMARK [3][-]{subsubsection.10.34.3.3}{\376\377\0001\0000\000.\0003\0004\000.\0003\000.\0003\000\040\000d\000o\000e\000s\000\137\000f\000i\000l\000e\000\137\000e\000x\000i\000s\000t\000\050\000\051}{subsection.10.34.3}% 340
\BOOKMARK [3][-]{subsubsection.10.34.3.4}{\376\377\0001\0000\000.\0003\0004\000.\0003\000.\0004\000\040\000d\000o\000e\000s\000\137\000f\000i\000l\000e\000\137\000e\000x\000i\000s\000t\0002\000\050\000\051}{subsection.10.34.3}% 341
\BOOKMARK [3][-]{subsubsection.10.34.3.5}{\376\377\0001\0000\000.\0003\0004\000.\0003\000.\0005\000\040\000e\000x\000t\000e\000n\000d\000\137\000f\000a\000t\000\050\000\051}{subsection.10.34.3}% 342
\BOOKMARK [3][-]{subsubsection.10.34.3.6}{\376\377\0001\0000\000.\0003\0004\000.\0003\000.\0006\000\040\000g\000e\000t\000\137\000f\000i\000l\000e\000\137\000d\000e\000s\000c\000r\000i\000p\000t\000o\000r\000\050\000\051}{subsection.10.34.3}% 343
\BOOKMARK [3][-]{subsubsection.10.34.3.7}{\376\377\0001\0000\000.\0003\0004\000.\0003\000.\0007\000\040\000g\000e\000t\000\137\000f\000i\000r\000s\000t\000\137\000e\000m\000p\000t\000y\000\137\000f\000a\000t\000\137\000i\000n\000d\000e\000x\000\050\000\051}{subsection.10.34.3}% 344
\BOOKMARK [3][-]{subsubsection.10.34.3.8}{\376\377\0001\0000\000.\0003\0004\000.\0003\000.\0008\000\040\000k\000\137\000c\000h\000a\000n\000g\000e\000\137\000m\000o\000d\000e\000\050\000\051}{subsection.10.34.3}% 345
\BOOKMARK [3][-]{subsubsection.10.34.3.9}{\376\377\0001\0000\000.\0003\0004\000.\0003\000.\0009\000\040\000k\000\137\000c\000l\000o\000s\000e\000\050\000\051}{subsection.10.34.3}% 346
\BOOKMARK [3][-]{subsubsection.10.34.3.10}{\376\377\0001\0000\000.\0003\0004\000.\0003\000.\0001\0000\000\040\000k\000\137\000l\000s\000\050\000\051}{subsection.10.34.3}% 347
\BOOKMARK [3][-]{subsubsection.10.34.3.11}{\376\377\0001\0000\000.\0003\0004\000.\0003\000.\0001\0001\000\040\000k\000\137\000l\000s\000e\000e\000k\000\050\000\051}{subsection.10.34.3}% 348
\BOOKMARK [3][-]{subsubsection.10.34.3.12}{\376\377\0001\0000\000.\0003\0004\000.\0003\000.\0001\0002\000\040\000k\000\137\000o\000p\000e\000n\000\050\000\051}{subsection.10.34.3}% 349
\BOOKMARK [3][-]{subsubsection.10.34.3.13}{\376\377\0001\0000\000.\0003\0004\000.\0003\000.\0001\0003\000\040\000k\000\137\000r\000e\000a\000d\000\050\000\051}{subsection.10.34.3}% 350
\BOOKMARK [3][-]{subsubsection.10.34.3.14}{\376\377\0001\0000\000.\0003\0004\000.\0003\000.\0001\0004\000\040\000k\000\137\000r\000e\000a\000d\000\137\000a\000l\000l\000\050\000\051}{subsection.10.34.3}% 351
\BOOKMARK [3][-]{subsubsection.10.34.3.15}{\376\377\0001\0000\000.\0003\0004\000.\0003\000.\0001\0005\000\040\000k\000\137\000r\000e\000n\000a\000m\000e\000\050\000\051}{subsection.10.34.3}% 352
\BOOKMARK [3][-]{subsubsection.10.34.3.16}{\376\377\0001\0000\000.\0003\0004\000.\0003\000.\0001\0006\000\040\000k\000\137\000u\000n\000l\000i\000n\000k\000\050\000\051}{subsection.10.34.3}% 353
\BOOKMARK [3][-]{subsubsection.10.34.3.17}{\376\377\0001\0000\000.\0003\0004\000.\0003\000.\0001\0007\000\040\000k\000\137\000w\000r\000i\000t\000e\000\050\000\051}{subsection.10.34.3}% 354
\BOOKMARK [3][-]{subsubsection.10.34.3.18}{\376\377\0001\0000\000.\0003\0004\000.\0003\000.\0001\0008\000\040\000l\000s\000e\000e\000k\000\137\000t\000o\000\137\000r\000o\000o\000t\000\137\000d\000i\000r\000e\000c\000t\000o\000r\000y\000\050\000\051}{subsection.10.34.3}% 355
\BOOKMARK [3][-]{subsubsection.10.34.3.19}{\376\377\0001\0000\000.\0003\0004\000.\0003\000.\0001\0009\000\040\000m\000o\000v\000e\000\137\000t\000o\000\137\000o\000p\000e\000n\000\137\000d\000e\000\050\000\051}{subsection.10.34.3}% 356
\BOOKMARK [2][-]{subsection.10.34.4}{\376\377\0001\0000\000.\0003\0004\000.\0004\000\040\000V\000a\000r\000i\000a\000b\000l\000e\000\040\000D\000o\000c\000u\000m\000e\000n\000t\000a\000t\000i\000o\000n}{section.10.34}% 357
\BOOKMARK [3][-]{subsubsection.10.34.4.1}{\376\377\0001\0000\000.\0003\0004\000.\0004\000.\0001\000\040\000b\000l\000o\000c\000k\000\137\000s\000i\000z\000e}{subsection.10.34.4}% 358
\BOOKMARK [3][-]{subsubsection.10.34.4.2}{\376\377\0001\0000\000.\0003\0004\000.\0004\000.\0002\000\040\000d\000a\000t\000a\000\137\000s\000i\000z\000e}{subsection.10.34.4}% 359
\BOOKMARK [3][-]{subsubsection.10.34.4.3}{\376\377\0001\0000\000.\0003\0004\000.\0004\000.\0003\000\040\000f\000a\000t}{subsection.10.34.4}% 360
\BOOKMARK [3][-]{subsubsection.10.34.4.4}{\376\377\0001\0000\000.\0003\0004\000.\0004\000.\0004\000\040\000f\000a\000t\000\137\000s\000i\000z\000e}{subsection.10.34.4}% 361
\BOOKMARK [3][-]{subsubsection.10.34.4.5}{\376\377\0001\0000\000.\0003\0004\000.\0004\000.\0005\000\040\000f\000s\000\137\000f\000d}{subsection.10.34.4}% 362
\BOOKMARK [3][-]{subsubsection.10.34.4.6}{\376\377\0001\0000\000.\0003\0004\000.\0004\000.\0006\000\040\000g\000l\000o\000b\000a\000l\000\137\000f\000d\000\137\000t\000a\000b\000l\000e}{subsection.10.34.4}% 363
\BOOKMARK [3][-]{subsubsection.10.34.4.7}{\376\377\0001\0000\000.\0003\0004\000.\0004\000.\0007\000\040\000n\000u\000m\000\137\000f\000a\000t\000\137\000e\000n\000t\000r\000i\000e\000s}{subsection.10.34.4}% 364
\BOOKMARK [1][-]{section.10.35}{\376\377\0001\0000\000.\0003\0005\000\040\000p\000e\000n\000n\000f\000a\000t\000\137\000k\000e\000r\000n\000e\000l\000.\000h}{chapter.10}% 365
\BOOKMARK [1][-]{section.10.36}{\376\377\0001\0000\000.\0003\0006\000\040\000s\000r\000c\000/\000u\000t\000i\000l\000/\000p\000r\000i\000o\000r\000i\000t\000y\000l\000i\000s\000t\000.\000c\000\040\000F\000i\000l\000e\000\040\000R\000e\000f\000e\000r\000e\000n\000c\000e}{chapter.10}% 366
\BOOKMARK [2][-]{subsection.10.36.1}{\376\377\0001\0000\000.\0003\0006\000.\0001\000\040\000F\000u\000n\000c\000t\000i\000o\000n\000\040\000D\000o\000c\000u\000m\000e\000n\000t\000a\000t\000i\000o\000n}{section.10.36}% 367
\BOOKMARK [3][-]{subsubsection.10.36.1.1}{\376\377\0001\0000\000.\0003\0006\000.\0001\000.\0001\000\040\000a\000d\000d\000\137\000p\000r\000i\000o\000r\000i\000t\000y\000\050\000\051}{subsection.10.36.1}% 368
\BOOKMARK [3][-]{subsubsection.10.36.1.2}{\376\377\0001\0000\000.\0003\0006\000.\0001\000.\0002\000\040\000i\000n\000i\000t\000\137\000p\000r\000i\000o\000r\000i\000t\000y\000\050\000\051}{subsection.10.36.1}% 369
\BOOKMARK [3][-]{subsubsection.10.36.1.3}{\376\377\0001\0000\000.\0003\0006\000.\0001\000.\0003\000\040\000r\000e\000m\000o\000v\000e\000\137\000p\000r\000i\000o\000r\000i\000t\000y\000\050\000\051}{subsection.10.36.1}% 370
\BOOKMARK [1][-]{section.10.37}{\376\377\0001\0000\000.\0003\0007\000\040\000s\000r\000c\000/\000u\000t\000i\000l\000/\000p\000r\000i\000o\000r\000i\000t\000y\000l\000i\000s\000t\000.\000h\000\040\000F\000i\000l\000e\000\040\000R\000e\000f\000e\000r\000e\000n\000c\000e}{chapter.10}% 371
\BOOKMARK [2][-]{subsection.10.37.1}{\376\377\0001\0000\000.\0003\0007\000.\0001\000\040\000T\000y\000p\000e\000d\000e\000f\000\040\000D\000o\000c\000u\000m\000e\000n\000t\000a\000t\000i\000o\000n}{section.10.37}% 372
\BOOKMARK [3][-]{subsubsection.10.37.1.1}{\376\377\0001\0000\000.\0003\0007\000.\0001\000.\0001\000\040\000P\000N\000o\000d\000e}{subsection.10.37.1}% 373
\BOOKMARK [2][-]{subsection.10.37.2}{\376\377\0001\0000\000.\0003\0007\000.\0002\000\040\000F\000u\000n\000c\000t\000i\000o\000n\000\040\000D\000o\000c\000u\000m\000e\000n\000t\000a\000t\000i\000o\000n}{section.10.37}% 374
\BOOKMARK [3][-]{subsubsection.10.37.2.1}{\376\377\0001\0000\000.\0003\0007\000.\0002\000.\0001\000\040\000a\000d\000d\000\137\000p\000r\000i\000o\000r\000i\000t\000y\000\050\000\051}{subsection.10.37.2}% 375
\BOOKMARK [3][-]{subsubsection.10.37.2.2}{\376\377\0001\0000\000.\0003\0007\000.\0002\000.\0002\000\040\000i\000n\000i\000t\000\137\000p\000r\000i\000o\000r\000i\000t\000y\000\050\000\051}{subsection.10.37.2}% 376
\BOOKMARK [3][-]{subsubsection.10.37.2.3}{\376\377\0001\0000\000.\0003\0007\000.\0002\000.\0003\000\040\000r\000e\000m\000o\000v\000e\000\137\000p\000r\000i\000o\000r\000i\000t\000y\000\050\000\051}{subsection.10.37.2}% 377
\BOOKMARK [1][-]{section.10.38}{\376\377\0001\0000\000.\0003\0008\000\040\000p\000r\000i\000o\000r\000i\000t\000y\000l\000i\000s\000t\000.\000h}{chapter.10}% 378
\BOOKMARK [1][-]{section.10.39}{\376\377\0001\0000\000.\0003\0009\000\040\000s\000r\000c\000/\000u\000t\000i\000l\000/\000s\000h\000e\000l\000l\000b\000u\000i\000l\000t\000i\000n\000s\000.\000c\000\040\000F\000i\000l\000e\000\040\000R\000e\000f\000e\000r\000e\000n\000c\000e}{chapter.10}% 379
\BOOKMARK [2][-]{subsection.10.39.1}{\376\377\0001\0000\000.\0003\0009\000.\0001\000\040\000F\000u\000n\000c\000t\000i\000o\000n\000\040\000D\000o\000c\000u\000m\000e\000n\000t\000a\000t\000i\000o\000n}{section.10.39}% 380
\BOOKMARK [3][-]{subsubsection.10.39.1.1}{\376\377\0001\0000\000.\0003\0009\000.\0001\000.\0001\000\040\000b\000\137\000k\000i\000l\000l\000\050\000\051}{subsection.10.39.1}% 381
\BOOKMARK [3][-]{subsubsection.10.39.1.2}{\376\377\0001\0000\000.\0003\0009\000.\0001\000.\0002\000\040\000b\000\137\000l\000o\000g\000o\000u\000t\000\050\000\051}{subsection.10.39.1}% 382
\BOOKMARK [3][-]{subsubsection.10.39.1.3}{\376\377\0001\0000\000.\0003\0009\000.\0001\000.\0003\000\040\000b\000\137\000n\000i\000c\000e\000\137\000p\000i\000d\000\050\000\051}{subsection.10.39.1}% 383
\BOOKMARK [3][-]{subsubsection.10.39.1.4}{\376\377\0001\0000\000.\0003\0009\000.\0001\000.\0004\000\040\000b\000\137\000s\000l\000e\000e\000p\000\050\000\051}{subsection.10.39.1}% 384
\BOOKMARK [1][-]{section.10.40}{\376\377\0001\0000\000.\0004\0000\000\040\000s\000r\000c\000/\000u\000t\000i\000l\000/\000s\000h\000e\000l\000l\000b\000u\000i\000l\000t\000i\000n\000s\000.\000h\000\040\000F\000i\000l\000e\000\040\000R\000e\000f\000e\000r\000e\000n\000c\000e}{chapter.10}% 385
\BOOKMARK [2][-]{subsection.10.40.1}{\376\377\0001\0000\000.\0004\0000\000.\0001\000\040\000F\000u\000n\000c\000t\000i\000o\000n\000\040\000D\000o\000c\000u\000m\000e\000n\000t\000a\000t\000i\000o\000n}{section.10.40}% 386
\BOOKMARK [3][-]{subsubsection.10.40.1.1}{\376\377\0001\0000\000.\0004\0000\000.\0001\000.\0001\000\040\000b\000\137\000b\000g\000\050\000\051}{subsection.10.40.1}% 387
\BOOKMARK [3][-]{subsubsection.10.40.1.2}{\376\377\0001\0000\000.\0004\0000\000.\0001\000.\0002\000\040\000b\000\137\000b\000u\000s\000y\000\050\000\051}{subsection.10.40.1}% 388
\BOOKMARK [3][-]{subsubsection.10.40.1.3}{\376\377\0001\0000\000.\0004\0000\000.\0001\000.\0003\000\040\000b\000\137\000c\000a\000t\000\050\000\051}{subsection.10.40.1}% 389
\BOOKMARK [3][-]{subsubsection.10.40.1.4}{\376\377\0001\0000\000.\0004\0000\000.\0001\000.\0004\000\040\000b\000\137\000c\000h\000m\000o\000d\000\050\000\051}{subsection.10.40.1}% 390
\BOOKMARK [3][-]{subsubsection.10.40.1.5}{\376\377\0001\0000\000.\0004\0000\000.\0001\000.\0005\000\040\000b\000\137\000c\000p\000\050\000\051}{subsection.10.40.1}% 391
\BOOKMARK [3][-]{subsubsection.10.40.1.6}{\376\377\0001\0000\000.\0004\0000\000.\0001\000.\0006\000\040\000b\000\137\000e\000c\000h\000o\000\050\000\051}{subsection.10.40.1}% 392
\BOOKMARK [3][-]{subsubsection.10.40.1.7}{\376\377\0001\0000\000.\0004\0000\000.\0001\000.\0007\000\040\000b\000\137\000f\000g\000\050\000\051}{subsection.10.40.1}% 393
\BOOKMARK [3][-]{subsubsection.10.40.1.8}{\376\377\0001\0000\000.\0004\0000\000.\0001\000.\0008\000\040\000b\000\137\000j\000o\000b\000s\000\050\000\051}{subsection.10.40.1}% 394
\BOOKMARK [3][-]{subsubsection.10.40.1.9}{\376\377\0001\0000\000.\0004\0000\000.\0001\000.\0009\000\040\000b\000\137\000k\000i\000l\000l\000\050\000\051}{subsection.10.40.1}% 395
\BOOKMARK [3][-]{subsubsection.10.40.1.10}{\376\377\0001\0000\000.\0004\0000\000.\0001\000.\0001\0000\000\040\000b\000\137\000l\000o\000g\000o\000u\000t\000\050\000\051}{subsection.10.40.1}% 396
\BOOKMARK [3][-]{subsubsection.10.40.1.11}{\376\377\0001\0000\000.\0004\0000\000.\0001\000.\0001\0001\000\040\000b\000\137\000l\000s\000\050\000\051}{subsection.10.40.1}% 397
\BOOKMARK [3][-]{subsubsection.10.40.1.12}{\376\377\0001\0000\000.\0004\0000\000.\0001\000.\0001\0002\000\040\000b\000\137\000m\000a\000n\000\050\000\051}{subsection.10.40.1}% 398
\BOOKMARK [3][-]{subsubsection.10.40.1.13}{\376\377\0001\0000\000.\0004\0000\000.\0001\000.\0001\0003\000\040\000b\000\137\000m\000v\000\050\000\051}{subsection.10.40.1}% 399
\BOOKMARK [3][-]{subsubsection.10.40.1.14}{\376\377\0001\0000\000.\0004\0000\000.\0001\000.\0001\0004\000\040\000b\000\137\000n\000i\000c\000e\000\050\000\051}{subsection.10.40.1}% 400
\BOOKMARK [3][-]{subsubsection.10.40.1.15}{\376\377\0001\0000\000.\0004\0000\000.\0001\000.\0001\0005\000\040\000b\000\137\000n\000i\000c\000e\000\137\000p\000i\000d\000\050\000\051}{subsection.10.40.1}% 401
\BOOKMARK [3][-]{subsubsection.10.40.1.16}{\376\377\0001\0000\000.\0004\0000\000.\0001\000.\0001\0006\000\040\000b\000\137\000o\000r\000p\000h\000a\000n\000\137\000c\000h\000i\000l\000d\000\050\000\051}{subsection.10.40.1}% 402
\BOOKMARK [3][-]{subsubsection.10.40.1.17}{\376\377\0001\0000\000.\0004\0000\000.\0001\000.\0001\0007\000\040\000b\000\137\000o\000r\000p\000h\000a\000n\000i\000f\000y\000\050\000\051}{subsection.10.40.1}% 403
\BOOKMARK [3][-]{subsubsection.10.40.1.18}{\376\377\0001\0000\000.\0004\0000\000.\0001\000.\0001\0008\000\040\000b\000\137\000p\000s\000\050\000\051}{subsection.10.40.1}% 404
\BOOKMARK [3][-]{subsubsection.10.40.1.19}{\376\377\0001\0000\000.\0004\0000\000.\0001\000.\0001\0009\000\040\000b\000\137\000r\000m\000\050\000\051}{subsection.10.40.1}% 405
\BOOKMARK [3][-]{subsubsection.10.40.1.20}{\376\377\0001\0000\000.\0004\0000\000.\0001\000.\0002\0000\000\040\000b\000\137\000s\000l\000e\000e\000p\000\050\000\051}{subsection.10.40.1}% 406
\BOOKMARK [3][-]{subsubsection.10.40.1.21}{\376\377\0001\0000\000.\0004\0000\000.\0001\000.\0002\0001\000\040\000b\000\137\000t\000o\000u\000c\000h\000\050\000\051}{subsection.10.40.1}% 407
\BOOKMARK [3][-]{subsubsection.10.40.1.22}{\376\377\0001\0000\000.\0004\0000\000.\0001\000.\0002\0002\000\040\000b\000\137\000z\000o\000m\000b\000i\000e\000\137\000c\000h\000i\000l\000d\000\050\000\051}{subsection.10.40.1}% 408
\BOOKMARK [3][-]{subsubsection.10.40.1.23}{\376\377\0001\0000\000.\0004\0000\000.\0001\000.\0002\0003\000\040\000b\000\137\000z\000o\000m\000b\000i\000f\000y\000\050\000\051}{subsection.10.40.1}% 409
\BOOKMARK [1][-]{section.10.41}{\376\377\0001\0000\000.\0004\0001\000\040\000s\000h\000e\000l\000l\000b\000u\000i\000l\000t\000i\000n\000s\000.\000h}{chapter.10}% 410
\BOOKMARK [1][-]{section.10.42}{\376\377\0001\0000\000.\0004\0002\000\040\000s\000r\000c\000/\000u\000t\000i\000l\000/\000s\000p\000t\000h\000r\000e\000a\000d\000.\000c\000\040\000F\000i\000l\000e\000\040\000R\000e\000f\000e\000r\000e\000n\000c\000e}{chapter.10}% 411
\BOOKMARK [2][-]{subsection.10.42.1}{\376\377\0001\0000\000.\0004\0002\000.\0001\000\040\000M\000a\000c\000r\000o\000\040\000D\000e\000f\000i\000n\000i\000t\000i\000o\000n\000\040\000D\000o\000c\000u\000m\000e\000n\000t\000a\000t\000i\000o\000n}{section.10.42}% 412
\BOOKMARK [3][-]{subsubsection.10.42.1.1}{\376\377\0001\0000\000.\0004\0002\000.\0001\000.\0001\000\040\000\137\000G\000N\000U\000\137\000S\000O\000U\000R\000C\000E}{subsection.10.42.1}% 413
\BOOKMARK [3][-]{subsubsection.10.42.1.2}{\376\377\0001\0000\000.\0004\0002\000.\0001\000.\0002\000\040\000\137\000X\000O\000P\000E\000N\000\137\000S\000O\000U\000R\000C\000E}{subsection.10.42.1}% 414
\BOOKMARK [3][-]{subsubsection.10.42.1.3}{\376\377\0001\0000\000.\0004\0002\000.\0001\000.\0003\000\040\000M\000I\000L\000I\000S\000E\000C\000\137\000I\000N\000\137\000N\000A\000N\000O}{subsection.10.42.1}% 415
\BOOKMARK [3][-]{subsubsection.10.42.1.4}{\376\377\0001\0000\000.\0004\0002\000.\0001\000.\0004\000\040\000S\000P\000T\000H\000R\000E\000A\000D\000\137\000R\000U\000N\000N\000I\000N\000G\000\137\000S\000T\000A\000T\000E}{subsection.10.42.1}% 416
\BOOKMARK [3][-]{subsubsection.10.42.1.5}{\376\377\0001\0000\000.\0004\0002\000.\0001\000.\0005\000\040\000S\000P\000T\000H\000R\000E\000A\000D\000\137\000S\000I\000G\000\137\000C\000O\000N\000T\000I\000N\000U\000E}{subsection.10.42.1}% 417
\BOOKMARK [3][-]{subsubsection.10.42.1.6}{\376\377\0001\0000\000.\0004\0002\000.\0001\000.\0006\000\040\000S\000P\000T\000H\000R\000E\000A\000D\000\137\000S\000I\000G\000\137\000S\000U\000S\000P\000E\000N\000D}{subsection.10.42.1}% 418
\BOOKMARK [3][-]{subsubsection.10.42.1.7}{\376\377\0001\0000\000.\0004\0002\000.\0001\000.\0007\000\040\000S\000P\000T\000H\000R\000E\000A\000D\000\137\000S\000U\000S\000P\000E\000N\000D\000E\000D\000\137\000S\000T\000A\000T\000E}{subsection.10.42.1}% 419
\BOOKMARK [3][-]{subsubsection.10.42.1.8}{\376\377\0001\0000\000.\0004\0002\000.\0001\000.\0008\000\040\000S\000P\000T\000H\000R\000E\000A\000D\000\137\000T\000E\000R\000M\000I\000N\000A\000T\000E\000D\000\137\000S\000T\000A\000T\000E}{subsection.10.42.1}% 420
\BOOKMARK [2][-]{subsection.10.42.2}{\376\377\0001\0000\000.\0004\0002\000.\0002\000\040\000T\000y\000p\000e\000d\000e\000f\000\040\000D\000o\000c\000u\000m\000e\000n\000t\000a\000t\000i\000o\000n}{section.10.42}% 421
\BOOKMARK [3][-]{subsubsection.10.42.2.1}{\376\377\0001\0000\000.\0004\0002\000.\0002\000.\0001\000\040\000p\000t\000h\000r\000e\000a\000d\000\137\000f\000n}{subsection.10.42.2}% 422
\BOOKMARK [3][-]{subsubsection.10.42.2.2}{\376\377\0001\0000\000.\0004\0002\000.\0002\000.\0002\000\040\000s\000p\000t\000h\000r\000e\000a\000d\000\137\000f\000w\000d\000\137\000a\000r\000g\000s}{subsection.10.42.2}% 423
\BOOKMARK [3][-]{subsubsection.10.42.2.3}{\376\377\0001\0000\000.\0004\0002\000.\0002\000.\0003\000\040\000s\000p\000t\000h\000r\000e\000a\000d\000\137\000m\000e\000t\000a\000\137\000t}{subsection.10.42.2}% 424
\BOOKMARK [3][-]{subsubsection.10.42.2.4}{\376\377\0001\0000\000.\0004\0002\000.\0002\000.\0004\000\040\000s\000p\000t\000h\000r\000e\000a\000d\000\137\000s\000i\000g\000n\000a\000l\000\137\000a\000r\000g\000s}{subsection.10.42.2}% 425
\BOOKMARK [2][-]{subsection.10.42.3}{\376\377\0001\0000\000.\0004\0002\000.\0003\000\040\000F\000u\000n\000c\000t\000i\000o\000n\000\040\000D\000o\000c\000u\000m\000e\000n\000t\000a\000t\000i\000o\000n}{section.10.42}% 426
\BOOKMARK [3][-]{subsubsection.10.42.3.1}{\376\377\0001\0000\000.\0004\0002\000.\0003\000.\0001\000\040\000s\000p\000t\000h\000r\000e\000a\000d\000\137\000c\000a\000n\000c\000e\000l\000\050\000\051}{subsection.10.42.3}% 427
\BOOKMARK [3][-]{subsubsection.10.42.3.2}{\376\377\0001\0000\000.\0004\0002\000.\0003\000.\0002\000\040\000s\000p\000t\000h\000r\000e\000a\000d\000\137\000c\000o\000n\000t\000i\000n\000u\000e\000\050\000\051}{subsection.10.42.3}% 428
\BOOKMARK [3][-]{subsubsection.10.42.3.3}{\376\377\0001\0000\000.\0004\0002\000.\0003\000.\0003\000\040\000s\000p\000t\000h\000r\000e\000a\000d\000\137\000c\000r\000e\000a\000t\000e\000\050\000\051}{subsection.10.42.3}% 429
\BOOKMARK [3][-]{subsubsection.10.42.3.4}{\376\377\0001\0000\000.\0004\0002\000.\0003\000.\0004\000\040\000s\000p\000t\000h\000r\000e\000a\000d\000\137\000e\000x\000i\000t\000\050\000\051}{subsection.10.42.3}% 430
\BOOKMARK [3][-]{subsubsection.10.42.3.5}{\376\377\0001\0000\000.\0004\0002\000.\0003\000.\0005\000\040\000s\000p\000t\000h\000r\000e\000a\000d\000\137\000j\000o\000i\000n\000\050\000\051}{subsection.10.42.3}% 431
\BOOKMARK [3][-]{subsubsection.10.42.3.6}{\376\377\0001\0000\000.\0004\0002\000.\0003\000.\0006\000\040\000s\000p\000t\000h\000r\000e\000a\000d\000\137\000s\000e\000l\000f\000\050\000\051}{subsection.10.42.3}% 432
\BOOKMARK [3][-]{subsubsection.10.42.3.7}{\376\377\0001\0000\000.\0004\0002\000.\0003\000.\0007\000\040\000s\000p\000t\000h\000r\000e\000a\000d\000\137\000s\000u\000s\000p\000e\000n\000d\000\050\000\051}{subsection.10.42.3}% 433
\BOOKMARK [3][-]{subsubsection.10.42.3.8}{\376\377\0001\0000\000.\0004\0002\000.\0003\000.\0008\000\040\000s\000p\000t\000h\000r\000e\000a\000d\000\137\000s\000u\000s\000p\000e\000n\000d\000\137\000s\000e\000l\000f\000\050\000\051}{subsection.10.42.3}% 434
\BOOKMARK [1][-]{section.10.43}{\376\377\0001\0000\000.\0004\0003\000\040\000s\000r\000c\000/\000u\000t\000i\000l\000/\000s\000p\000t\000h\000r\000e\000a\000d\000.\000h\000\040\000F\000i\000l\000e\000\040\000R\000e\000f\000e\000r\000e\000n\000c\000e}{chapter.10}% 435
\BOOKMARK [2][-]{subsection.10.43.1}{\376\377\0001\0000\000.\0004\0003\000.\0001\000\040\000M\000a\000c\000r\000o\000\040\000D\000e\000f\000i\000n\000i\000t\000i\000o\000n\000\040\000D\000o\000c\000u\000m\000e\000n\000t\000a\000t\000i\000o\000n}{section.10.43}% 436
\BOOKMARK [3][-]{subsubsection.10.43.1.1}{\376\377\0001\0000\000.\0004\0003\000.\0001\000.\0001\000\040\000S\000I\000G\000P\000T\000H\000D}{subsection.10.43.1}% 437
\BOOKMARK [2][-]{subsection.10.43.2}{\376\377\0001\0000\000.\0004\0003\000.\0002\000\040\000T\000y\000p\000e\000d\000e\000f\000\040\000D\000o\000c\000u\000m\000e\000n\000t\000a\000t\000i\000o\000n}{section.10.43}% 438
\BOOKMARK [3][-]{subsubsection.10.43.2.1}{\376\377\0001\0000\000.\0004\0003\000.\0002\000.\0001\000\040\000s\000p\000t\000h\000r\000e\000a\000d\000\137\000m\000e\000t\000a\000\137\000t}{subsection.10.43.2}% 439
\BOOKMARK [3][-]{subsubsection.10.43.2.2}{\376\377\0001\0000\000.\0004\0003\000.\0002\000.\0002\000\040\000s\000p\000t\000h\000r\000e\000a\000d\000\137\000t}{subsection.10.43.2}% 440
\BOOKMARK [2][-]{subsection.10.43.3}{\376\377\0001\0000\000.\0004\0003\000.\0003\000\040\000F\000u\000n\000c\000t\000i\000o\000n\000\040\000D\000o\000c\000u\000m\000e\000n\000t\000a\000t\000i\000o\000n}{section.10.43}% 441
\BOOKMARK [3][-]{subsubsection.10.43.3.1}{\376\377\0001\0000\000.\0004\0003\000.\0003\000.\0001\000\040\000s\000p\000t\000h\000r\000e\000a\000d\000\137\000c\000a\000n\000c\000e\000l\000\050\000\051}{subsection.10.43.3}% 442
\BOOKMARK [3][-]{subsubsection.10.43.3.2}{\376\377\0001\0000\000.\0004\0003\000.\0003\000.\0002\000\040\000s\000p\000t\000h\000r\000e\000a\000d\000\137\000c\000o\000n\000t\000i\000n\000u\000e\000\050\000\051}{subsection.10.43.3}% 443
\BOOKMARK [3][-]{subsubsection.10.43.3.3}{\376\377\0001\0000\000.\0004\0003\000.\0003\000.\0003\000\040\000s\000p\000t\000h\000r\000e\000a\000d\000\137\000c\000r\000e\000a\000t\000e\000\050\000\051}{subsection.10.43.3}% 444
\BOOKMARK [3][-]{subsubsection.10.43.3.4}{\376\377\0001\0000\000.\0004\0003\000.\0003\000.\0004\000\040\000s\000p\000t\000h\000r\000e\000a\000d\000\137\000e\000x\000i\000t\000\050\000\051}{subsection.10.43.3}% 445
\BOOKMARK [3][-]{subsubsection.10.43.3.5}{\376\377\0001\0000\000.\0004\0003\000.\0003\000.\0005\000\040\000s\000p\000t\000h\000r\000e\000a\000d\000\137\000j\000o\000i\000n\000\050\000\051}{subsection.10.43.3}% 446
\BOOKMARK [3][-]{subsubsection.10.43.3.6}{\376\377\0001\0000\000.\0004\0003\000.\0003\000.\0006\000\040\000s\000p\000t\000h\000r\000e\000a\000d\000\137\000s\000e\000l\000f\000\050\000\051}{subsection.10.43.3}% 447
\BOOKMARK [3][-]{subsubsection.10.43.3.7}{\376\377\0001\0000\000.\0004\0003\000.\0003\000.\0007\000\040\000s\000p\000t\000h\000r\000e\000a\000d\000\137\000s\000u\000s\000p\000e\000n\000d\000\050\000\051}{subsection.10.43.3}% 448
\BOOKMARK [3][-]{subsubsection.10.43.3.8}{\376\377\0001\0000\000.\0004\0003\000.\0003\000.\0008\000\040\000s\000p\000t\000h\000r\000e\000a\000d\000\137\000s\000u\000s\000p\000e\000n\000d\000\137\000s\000e\000l\000f\000\050\000\051}{subsection.10.43.3}% 449
\BOOKMARK [1][-]{section.10.44}{\376\377\0001\0000\000.\0004\0004\000\040\000s\000p\000t\000h\000r\000e\000a\000d\000.\000h}{chapter.10}% 450
\BOOKMARK [1][-]{section.10.45}{\376\377\0001\0000\000.\0004\0005\000\040\000s\000r\000c\000/\000u\000t\000i\000l\000/\000s\000y\000s\000\137\000c\000a\000l\000l\000.\000c\000\040\000F\000i\000l\000e\000\040\000R\000e\000f\000e\000r\000e\000n\000c\000e}{chapter.10}% 451
\BOOKMARK [2][-]{subsection.10.45.1}{\376\377\0001\0000\000.\0004\0005\000.\0001\000\040\000F\000u\000n\000c\000t\000i\000o\000n\000\040\000D\000o\000c\000u\000m\000e\000n\000t\000a\000t\000i\000o\000n}{section.10.45}% 452
\BOOKMARK [3][-]{subsubsection.10.45.1.1}{\376\377\0001\0000\000.\0004\0005\000.\0001\000.\0001\000\040\000d\000u\000p\000l\000i\000c\000a\000t\000e\000\137\000a\000r\000g\000v\000\050\000\051}{subsection.10.45.1}% 453
\BOOKMARK [3][-]{subsubsection.10.45.1.2}{\376\377\0001\0000\000.\0004\0005\000.\0001\000.\0002\000\040\000f\000r\000e\000e\000\137\000a\000r\000g\000v\000\050\000\051}{subsection.10.45.1}% 454
\BOOKMARK [3][-]{subsubsection.10.45.1.3}{\376\377\0001\0000\000.\0004\0005\000.\0001\000.\0003\000\040\000s\000\137\000e\000x\000i\000t\000\050\000\051}{subsection.10.45.1}% 455
\BOOKMARK [3][-]{subsubsection.10.45.1.4}{\376\377\0001\0000\000.\0004\0005\000.\0001\000.\0004\000\040\000s\000\137\000k\000i\000l\000l\000\050\000\051}{subsection.10.45.1}% 456
\BOOKMARK [3][-]{subsubsection.10.45.1.5}{\376\377\0001\0000\000.\0004\0005\000.\0001\000.\0005\000\040\000s\000\137\000n\000i\000c\000e\000\050\000\051}{subsection.10.45.1}% 457
\BOOKMARK [3][-]{subsubsection.10.45.1.6}{\376\377\0001\0000\000.\0004\0005\000.\0001\000.\0006\000\040\000s\000\137\000s\000l\000e\000e\000p\000\050\000\051}{subsection.10.45.1}% 458
\BOOKMARK [3][-]{subsubsection.10.45.1.7}{\376\377\0001\0000\000.\0004\0005\000.\0001\000.\0007\000\040\000s\000\137\000s\000p\000a\000w\000n\000\050\000\051}{subsection.10.45.1}% 459
\BOOKMARK [3][-]{subsubsection.10.45.1.8}{\376\377\0001\0000\000.\0004\0005\000.\0001\000.\0008\000\040\000s\000\137\000s\000p\000a\000w\000n\000\137\000n\000i\000c\000e\000\050\000\051}{subsection.10.45.1}% 460
\BOOKMARK [3][-]{subsubsection.10.45.1.9}{\376\377\0001\0000\000.\0004\0005\000.\0001\000.\0009\000\040\000s\000\137\000w\000a\000i\000t\000p\000i\000d\000\050\000\051}{subsection.10.45.1}% 461
\BOOKMARK [1][-]{section.10.46}{\376\377\0001\0000\000.\0004\0006\000\040\000s\000r\000c\000/\000u\000t\000i\000l\000/\000s\000y\000s\000\137\000c\000a\000l\000l\000.\000h\000\040\000F\000i\000l\000e\000\040\000R\000e\000f\000e\000r\000e\000n\000c\000e}{chapter.10}% 462
\BOOKMARK [2][-]{subsection.10.46.1}{\376\377\0001\0000\000.\0004\0006\000.\0001\000\040\000M\000a\000c\000r\000o\000\040\000D\000e\000f\000i\000n\000i\000t\000i\000o\000n\000\040\000D\000o\000c\000u\000m\000e\000n\000t\000a\000t\000i\000o\000n}{section.10.46}% 463
\BOOKMARK [3][-]{subsubsection.10.46.1.1}{\376\377\0001\0000\000.\0004\0006\000.\0001\000.\0001\000\040\000P\000\137\000W\000I\000F\000E\000X\000I\000T\000E\000D}{subsection.10.46.1}% 464
\BOOKMARK [3][-]{subsubsection.10.46.1.2}{\376\377\0001\0000\000.\0004\0006\000.\0001\000.\0002\000\040\000P\000\137\000W\000I\000F\000S\000I\000G\000N\000A\000L\000E\000D}{subsection.10.46.1}% 465
\BOOKMARK [3][-]{subsubsection.10.46.1.3}{\376\377\0001\0000\000.\0004\0006\000.\0001\000.\0003\000\040\000P\000\137\000W\000I\000F\000S\000T\000O\000P\000P\000E\000D}{subsection.10.46.1}% 466
\BOOKMARK [3][-]{subsubsection.10.46.1.4}{\376\377\0001\0000\000.\0004\0006\000.\0001\000.\0004\000\040\000S\000T\000A\000T\000U\000S\000\137\000E\000X\000I\000T\000E\000D}{subsection.10.46.1}% 467
\BOOKMARK [3][-]{subsubsection.10.46.1.5}{\376\377\0001\0000\000.\0004\0006\000.\0001\000.\0005\000\040\000S\000T\000A\000T\000U\000S\000\137\000S\000I\000G\000N\000A\000L\000E\000D}{subsection.10.46.1}% 468
\BOOKMARK [3][-]{subsubsection.10.46.1.6}{\376\377\0001\0000\000.\0004\0006\000.\0001\000.\0006\000\040\000S\000T\000A\000T\000U\000S\000\137\000S\000T\000O\000P\000P\000E\000D}{subsection.10.46.1}% 469
\BOOKMARK [2][-]{subsection.10.46.2}{\376\377\0001\0000\000.\0004\0006\000.\0002\000\040\000F\000u\000n\000c\000t\000i\000o\000n\000\040\000D\000o\000c\000u\000m\000e\000n\000t\000a\000t\000i\000o\000n}{section.10.46}% 470
\BOOKMARK [3][-]{subsubsection.10.46.2.1}{\376\377\0001\0000\000.\0004\0006\000.\0002\000.\0001\000\040\000s\000\137\000c\000l\000o\000s\000e\000\050\000\051}{subsection.10.46.2}% 471
\BOOKMARK [3][-]{subsubsection.10.46.2.2}{\376\377\0001\0000\000.\0004\0006\000.\0002\000.\0002\000\040\000s\000\137\000e\000x\000i\000t\000\050\000\051}{subsection.10.46.2}% 472
\BOOKMARK [3][-]{subsubsection.10.46.2.3}{\376\377\0001\0000\000.\0004\0006\000.\0002\000.\0003\000\040\000s\000\137\000k\000i\000l\000l\000\050\000\051}{subsection.10.46.2}% 473
\BOOKMARK [3][-]{subsubsection.10.46.2.4}{\376\377\0001\0000\000.\0004\0006\000.\0002\000.\0004\000\040\000s\000\137\000l\000s\000\050\000\051}{subsection.10.46.2}% 474
\BOOKMARK [3][-]{subsubsection.10.46.2.5}{\376\377\0001\0000\000.\0004\0006\000.\0002\000.\0005\000\040\000s\000\137\000l\000s\000e\000e\000k\000\050\000\051}{subsection.10.46.2}% 475
\BOOKMARK [3][-]{subsubsection.10.46.2.6}{\376\377\0001\0000\000.\0004\0006\000.\0002\000.\0006\000\040\000s\000\137\000n\000i\000c\000e\000\050\000\051}{subsection.10.46.2}% 476
\BOOKMARK [3][-]{subsubsection.10.46.2.7}{\376\377\0001\0000\000.\0004\0006\000.\0002\000.\0007\000\040\000s\000\137\000o\000p\000e\000n\000\050\000\051}{subsection.10.46.2}% 477
\BOOKMARK [3][-]{subsubsection.10.46.2.8}{\376\377\0001\0000\000.\0004\0006\000.\0002\000.\0008\000\040\000s\000\137\000r\000e\000a\000d\000\050\000\051}{subsection.10.46.2}% 478
\BOOKMARK [3][-]{subsubsection.10.46.2.9}{\376\377\0001\0000\000.\0004\0006\000.\0002\000.\0009\000\040\000s\000\137\000s\000l\000e\000e\000p\000\050\000\051}{subsection.10.46.2}% 479
\BOOKMARK [3][-]{subsubsection.10.46.2.10}{\376\377\0001\0000\000.\0004\0006\000.\0002\000.\0001\0000\000\040\000s\000\137\000s\000p\000a\000w\000n\000\050\000\051}{subsection.10.46.2}% 480
\BOOKMARK [3][-]{subsubsection.10.46.2.11}{\376\377\0001\0000\000.\0004\0006\000.\0002\000.\0001\0001\000\040\000s\000\137\000s\000p\000a\000w\000n\000\137\000n\000i\000c\000e\000\050\000\051}{subsection.10.46.2}% 481
\BOOKMARK [3][-]{subsubsection.10.46.2.12}{\376\377\0001\0000\000.\0004\0006\000.\0002\000.\0001\0002\000\040\000s\000\137\000u\000n\000l\000i\000n\000k\000\050\000\051}{subsection.10.46.2}% 482
\BOOKMARK [3][-]{subsubsection.10.46.2.13}{\376\377\0001\0000\000.\0004\0006\000.\0002\000.\0001\0003\000\040\000s\000\137\000w\000a\000i\000t\000p\000i\000d\000\050\000\051}{subsection.10.46.2}% 483
\BOOKMARK [3][-]{subsubsection.10.46.2.14}{\376\377\0001\0000\000.\0004\0006\000.\0002\000.\0001\0004\000\040\000s\000\137\000w\000r\000i\000t\000e\000\050\000\051}{subsection.10.46.2}% 484
\BOOKMARK [1][-]{section.10.47}{\376\377\0001\0000\000.\0004\0007\000\040\000s\000y\000s\000\137\000c\000a\000l\000l\000.\000h}{chapter.10}% 485
\BOOKMARK [1][-]{section.10.48}{\376\377\0001\0000\000.\0004\0008\000\040\000t\000e\000s\000t\000/\000s\000c\000h\000e\000d\000-\000d\000e\000m\000o\000.\000c\000\040\000F\000i\000l\000e\000\040\000R\000e\000f\000e\000r\000e\000n\000c\000e}{chapter.10}% 486
\BOOKMARK [2][-]{subsection.10.48.1}{\376\377\0001\0000\000.\0004\0008\000.\0001\000\040\000M\000a\000c\000r\000o\000\040\000D\000e\000f\000i\000n\000i\000t\000i\000o\000n\000\040\000D\000o\000c\000u\000m\000e\000n\000t\000a\000t\000i\000o\000n}{section.10.48}% 487
\BOOKMARK [3][-]{subsubsection.10.48.1.1}{\376\377\0001\0000\000.\0004\0008\000.\0001\000.\0001\000\040\000\137\000D\000E\000F\000A\000U\000L\000T\000\137\000S\000O\000U\000R\000C\000E}{subsection.10.48.1}% 488
\BOOKMARK [3][-]{subsubsection.10.48.1.2}{\376\377\0001\0000\000.\0004\0008\000.\0001\000.\0002\000\040\000\137\000P\000O\000S\000I\000X\000\137\000C\000\137\000S\000O\000U\000R\000C\000E}{subsection.10.48.1}% 489
\BOOKMARK [3][-]{subsubsection.10.48.1.3}{\376\377\0001\0000\000.\0004\0008\000.\0001\000.\0003\000\040\000\137\000X\000O\000P\000E\000N\000\137\000S\000O\000U\000R\000C\000E}{subsection.10.48.1}% 490
\BOOKMARK [3][-]{subsubsection.10.48.1.4}{\376\377\0001\0000\000.\0004\0008\000.\0001\000.\0004\000\040\000B\000U\000F\000\137\000S\000I\000Z\000E}{subsection.10.48.1}% 491
\BOOKMARK [3][-]{subsubsection.10.48.1.5}{\376\377\0001\0000\000.\0004\0008\000.\0001\000.\0005\000\040\000N\000U\000M\000\137\000T\000H\000R\000E\000A\000D\000S}{subsection.10.48.1}% 492
\BOOKMARK [2][-]{subsection.10.48.2}{\376\377\0001\0000\000.\0004\0008\000.\0002\000\040\000F\000u\000n\000c\000t\000i\000o\000n\000\040\000D\000o\000c\000u\000m\000e\000n\000t\000a\000t\000i\000o\000n}{section.10.48}% 493
\BOOKMARK [3][-]{subsubsection.10.48.2.1}{\376\377\0001\0000\000.\0004\0008\000.\0002\000.\0001\000\040\000c\000a\000n\000c\000e\000l\000\137\000a\000n\000d\000\137\000j\000o\000i\000n\000\050\000\051}{subsection.10.48.2}% 494
\BOOKMARK [3][-]{subsubsection.10.48.2.2}{\376\377\0001\0000\000.\0004\0008\000.\0002\000.\0002\000\040\000m\000a\000i\000n\000\050\000\051}{subsection.10.48.2}% 495
\BOOKMARK [0][-]{section*.73}{\376\377\000I\000n\000d\000e\000x}{}% 496
